Log file open, 03/11/20 21:45:45
LogWindows: Failed to load 'aqProf.dll' (GetLastError=126)
LogWindows: File 'aqProf.dll' does not exist
LogWindows: Failed to load 'VtuneApi.dll' (GetLastError=126)
LogWindows: File 'VtuneApi.dll' does not exist
LogWindows: Failed to load 'VtuneApi32e.dll' (GetLastError=126)
LogWindows: File 'VtuneApi32e.dll' does not exist
LogConsoleResponse: Display: Failed to find resolution value strings in scalability ini. Falling back to default.
LogInit: Display: Running engine for game: PistolFight2
LogPakFile: Registered encryption key '00000000000000000000000000000000': 0 pak files mounted, 0 remain pending
LogPlatformFile: Not using cached read wrapper
LogTaskGraph: Started task graph with 5 named threads and 47 total threads with 3 sets of task threads.
LogStats: Stats thread started at 0.537939
LogD3D11RHI: Loaded GFSDK_Aftermath_Lib.x64.dll
LogICUInternationalization: ICU TimeZone Detection - Raw Offset: +0:00, Platform Override: ''
LogPluginManager: Mounting plugin Paper2D
LogPluginManager: Mounting plugin AISupport
LogPluginManager: Mounting plugin LightPropagationVolume
LogPluginManager: Mounting plugin ActorLayerUtilities
LogPluginManager: Mounting plugin AnimationSharing
LogPluginManager: Mounting plugin CLionSourceCodeAccess
LogPluginManager: Mounting plugin CodeLiteSourceCodeAccess
LogPluginManager: Mounting plugin GitSourceControl
LogPluginManager: Mounting plugin KDevelopSourceCodeAccess
LogPluginManager: Mounting plugin NullSourceCodeAccess
LogPluginManager: Mounting plugin PerforceSourceControl
LogPluginManager: Mounting plugin SubversionSourceControl
LogPluginManager: Mounting plugin UObjectPlugin
LogPluginManager: Mounting plugin VisualStudioCodeSourceCodeAccess
LogPluginManager: Mounting plugin VisualStudioSourceCodeAccess
LogPluginManager: Mounting plugin XCodeSourceCodeAccess
LogPluginManager: Mounting plugin AssetManagerEditor
LogPluginManager: Mounting plugin CryptoKeys
LogPluginManager: Mounting plugin DataValidation
LogPluginManager: Mounting plugin FacialAnimation
LogPluginManager: Mounting plugin GameplayTagsEditor
LogPluginManager: Mounting plugin MacGraphicsSwitching
LogPluginManager: Mounting plugin MaterialAnalyzer
LogPluginManager: Mounting plugin MobileLauncherProfileWizard
LogPluginManager: Mounting plugin PluginBrowser
LogPluginManager: Mounting plugin SpeedTreeImporter
LogPluginManager: Mounting plugin DatasmithContent
LogPluginManager: Mounting plugin VariantManagerContent
LogPluginManager: Mounting plugin AlembicImporter
LogPluginManager: Mounting plugin AppleImageUtils
LogPluginManager: Mounting plugin AppleVision
LogPluginManager: Mounting plugin BackChannel
LogPluginManager: Mounting plugin CharacterAI
LogPluginManager: Mounting plugin GeometryCache
LogPluginManager: Mounting plugin HTML5Networking
LogPluginManager: Mounting plugin ProxyLODPlugin
LogPluginManager: Mounting plugin SkeletalReduction
LogPluginManager: Mounting plugin MagicLeap
LogPluginManager: Mounting plugin MagicLeapMedia
LogPluginManager: Mounting plugin AndroidMedia
LogPluginManager: Mounting plugin AvfMedia
LogPluginManager: Mounting plugin ImgMedia
LogPluginManager: Mounting plugin LinearTimecode
LogPluginManager: Mounting plugin MediaCompositing
LogPluginManager: Mounting plugin MediaPlayerEditor
LogPluginManager: Mounting plugin WebMMedia
LogPluginManager: Mounting plugin WmfMedia
LogPluginManager: Mounting plugin TcpMessaging
LogPluginManager: Mounting plugin UdpMessaging
LogPluginManager: Mounting plugin ActorSequence
LogPluginManager: Mounting plugin LevelSequenceEditor
LogPluginManager: Mounting plugin MatineeToLevelSequence
LogPluginManager: Mounting plugin NetcodeUnitTest
LogPluginManager: Mounting plugin NUTUnrealEngine4
LogPluginManager: Mounting plugin OnlineSubsystemGooglePlay
LogPluginManager: Mounting plugin OnlineSubsystemIOS
LogPluginManager: Mounting plugin OnlineSubsystem
LogPluginManager: Mounting plugin OnlineSubsystemNull
LogPluginManager: Mounting plugin OnlineSubsystemUtils
LogPluginManager: Mounting plugin LauncherChunkInstaller
LogPluginManager: Mounting plugin AndroidDeviceProfileSelector
LogPluginManager: Mounting plugin AndroidMoviePlayer
LogPluginManager: Mounting plugin AndroidPermission
LogPluginManager: Mounting plugin AppleMoviePlayer
LogPluginManager: Mounting plugin ArchVisCharacter
LogPluginManager: Mounting plugin AudioCapture
LogPluginManager: Mounting plugin CableComponent
LogPluginManager: Mounting plugin CustomMeshComponent
LogPluginManager: Mounting plugin EditableMesh
LogPluginManager: Mounting plugin ExampleDeviceProfileSelector
LogPluginManager: Mounting plugin Firebase
LogPluginManager: Mounting plugin GoogleCloudMessaging
LogPluginManager: Mounting plugin IOSDeviceProfileSelector
LogPluginManager: Mounting plugin LinuxDeviceProfileSelector
LogPluginManager: Mounting plugin LocationServicesBPLibrary
LogPluginManager: Mounting plugin MobilePatchingUtils
LogPluginManager: Mounting plugin OculusVR
LogPluginManager: Mounting plugin PhysXVehicles
LogPluginManager: Mounting plugin ProceduralMeshComponent
LogPluginManager: Mounting plugin RuntimePhysXCooking
LogPluginManager: Mounting plugin SignificanceManager
LogPluginManager: Mounting plugin SteamVR
LogPluginManager: Mounting plugin WebMMoviePlayer
LogPluginManager: Mounting plugin WindowsMoviePlayer
LogInit: Using libcurl 7.55.1-DEV
LogInit:  - built for x86_64-pc-win32
LogInit:  - supports SSL with OpenSSL/1.1.1
LogInit:  - supports HTTP deflate (compression) using libz 1.2.8
LogInit:  - other features:
LogInit:      CURL_VERSION_SSL
LogInit:      CURL_VERSION_LIBZ
LogInit:      CURL_VERSION_IPV6
LogInit:      CURL_VERSION_ASYNCHDNS
LogInit:      CURL_VERSION_LARGEFILE
LogInit:      CURL_VERSION_IDN
LogInit:  CurlRequestOptions (configurable via config and command line):
LogInit:  - bVerifyPeer = true  - Libcurl will verify peer certificate
LogInit:  - bUseHttpProxy = false  - Libcurl will NOT use HTTP proxy
LogInit:  - bDontReuseConnections = false  - Libcurl will reuse connections
LogInit:  - MaxHostConnections = 16  - Libcurl will limit the number of connections to a host
LogInit:  - LocalHostAddr = Default
LogInit:  - BufferSize = 65536
LogInit: WinSock: version 1.1 (2.2), MaxSocks=32767, MaxUdp=65467
LogInit: Build: ++UE4+Release-4.22-CL-7053642
LogInit: Engine Version: 4.22.3-7053642+++UE4+Release-4.22
LogInit: Compatible Engine Version: 4.22.0-5660361+++UE4+Release-4.22
LogInit: Net CL: 5660361
LogInit: OS: Windows 10 (Release 1909) (), CPU: AMD Ryzen 7 2700 Eight-Core Processor          , GPU: AMD Radeon (TM) R9 380 Series
LogInit: Compiled (64-bit): Jun 18 2019 03:09:11
LogInit: Compiled with Visual C++: 19.16.27025.01
LogInit: Build Configuration: Development
LogInit: Branch Name: ++UE4+Release-4.22
LogInit: Command Line:  /Game/ThirdPersonBP/Maps/MenuLevel -game -PIEVIACONSOLE -ResX=1920 -ResY=1080 -Multiprocess -messaging -SessionName="Play in Standalone Game" -windowed
LogInit: Base Directory: E:/Botnet Engine/UE_4.22/Engine/Binaries/Win64/
LogInit: Installed Engine Build: 1
LogDevObjectVersion: Number of dev versions registered: 23
LogDevObjectVersion:   Dev-Blueprints (B0D832E4-1F89-4F0D-ACCF-7EB736FD4AA2): 10
LogDevObjectVersion:   Dev-Build (E1C64328-A22C-4D53-A36C-8E866417BD8C): 0
LogDevObjectVersion:   Dev-Core (375EC13C-06E4-48FB-B500-84F0262A717E): 3
LogDevObjectVersion:   Dev-Editor (E4B068ED-F494-42E9-A231-DA0B2E46BB41): 30
LogDevObjectVersion:   Dev-Framework (CFFC743F-43B0-4480-9391-14DF171D2073): 35
LogDevObjectVersion:   Dev-Mobile (B02B49B5-BB20-44E9-A304-32B752E40360): 2
LogDevObjectVersion:   Dev-Networking (A4E4105C-59A1-49B5-A7C5-40C4547EDFEE): 0
LogDevObjectVersion:   Dev-Online (39C831C9-5AE6-47DC-9A44-9C173E1C8E7C): 0
LogDevObjectVersion:   Dev-Physics (78F01B33-EBEA-4F98-B9B4-84EACCB95AA2): 0
LogDevObjectVersion:   Dev-Platform (6631380F-2D4D-43E0-8009-CF276956A95A): 0
LogDevObjectVersion:   Dev-Rendering (12F88B9F-8875-4AFC-A67C-D90C383ABD29): 28
LogDevObjectVersion:   Dev-Sequencer (7B5AE74C-D270-4C10-A958-57980B212A5A): 11
LogDevObjectVersion:   Dev-VR (D7296918-1DD6-4BDD-9DE2-64A83CC13884): 2
LogDevObjectVersion:   Dev-LoadTimes (C2A15278-BFE7-4AFE-6C17-90FF531DF755): 1
LogDevObjectVersion:   Private-Geometry (6EACA3D4-40EC-4CC1-B786-8BED09428FC5): 3
LogDevObjectVersion:   Dev-AnimPhys (29E575DD-E0A3-4627-9D10-D276232CDCEA): 17
LogDevObjectVersion:   Dev-Anim (AF43A65D-7FD3-4947-9873-3E8ED9C1BB05): 2
LogDevObjectVersion:   Dev-ReflectionCapture (6B266CEC-1EC7-4B8F-A30B-E4D90942FC07): 1
LogDevObjectVersion:   Dev-Automation (0DF73D61-A23F-47EA-B727-89E90C41499A): 1
LogDevObjectVersion:   FortniteMain (601D1886-AC64-4F84-AA16-D3DE0DEAC7D6): 25
LogDevObjectVersion:   Dev-Enterprise (9DFFBCD6-494F-0158-E221-12823C92A888): 6
LogDevObjectVersion:   Dev-Niagara (F2AED0AC-9AFE-416F-8664-AA7FFA26D6FC): 1
LogDevObjectVersion:   Dev-Destruction (174F1F0B-B4C6-45A5-B13F-2EE8D0FB917D): 2
LogInit: Presizing for max 16777216 objects, including 0 objects not considered by GC, pre-allocating 0 bytes for permanent pool.
LogInit: Object subsystem initialized
LogConfig: Setting CVar [[con.DebugEarlyDefault:1]]
LogConfig: Setting CVar [[r.setres:1280x720]]
[2020.03.11-21.45.47:218][  0]LogConfig: Setting CVar [[con.DebugEarlyDefault:1]]
[2020.03.11-21.45.47:218][  0]LogConfig: Setting CVar [[r.setres:1280x720]]
[2020.03.11-21.45.47:218][  0]LogConfig: Applying CVar settings from Section [/Script/Engine.RendererSettings] File [F:/PistolFight2/Saved/Config/Windows/Engine.ini]
[2020.03.11-21.45.47:218][  0]LogConfig: Setting CVar [[r.GPUCrashDebugging:0]]
[2020.03.11-21.45.47:218][  0]LogConfig: Applying CVar settings from Section [/Script/Engine.RendererOverrideSettings] File [F:/PistolFight2/Saved/Config/Windows/Engine.ini]
[2020.03.11-21.45.47:218][  0]LogConfig: Applying CVar settings from Section [/Script/Engine.StreamingSettings] File [F:/PistolFight2/Saved/Config/Windows/Engine.ini]
[2020.03.11-21.45.47:218][  0]LogConfig: Setting CVar [[s.MinBulkDataSizeForAsyncLoading:131072]]
[2020.03.11-21.45.47:218][  0]LogConfig: Setting CVar [[s.AsyncLoadingThreadEnabled:0]]
[2020.03.11-21.45.47:218][  0]LogConfig: Setting CVar [[s.EventDrivenLoaderEnabled:1]]
[2020.03.11-21.45.47:218][  0]LogConfig: Setting CVar [[s.WarnIfTimeLimitExceeded:0]]
[2020.03.11-21.45.47:218][  0]LogConfig: Setting CVar [[s.TimeLimitExceededMultiplier:1.5]]
[2020.03.11-21.45.47:218][  0]LogConfig: Setting CVar [[s.TimeLimitExceededMinTime:0.005]]
[2020.03.11-21.45.47:218][  0]LogConfig: Setting CVar [[s.UseBackgroundLevelStreaming:1]]
[2020.03.11-21.45.47:218][  0]LogConfig: Setting CVar [[s.PriorityAsyncLoadingExtraTime:15.0]]
[2020.03.11-21.45.47:218][  0]LogConfig: Setting CVar [[s.LevelStreamingActorsUpdateTimeLimit:5.0]]
[2020.03.11-21.45.47:218][  0]LogConfig: Setting CVar [[s.PriorityLevelStreamingActorsUpdateExtraTime:5.0]]
[2020.03.11-21.45.47:218][  0]LogConfig: Setting CVar [[s.LevelStreamingComponentsRegistrationGranularity:10]]
[2020.03.11-21.45.47:218][  0]LogConfig: Setting CVar [[s.UnregisterComponentsTimeLimit:1.0]]
[2020.03.11-21.45.47:218][  0]LogConfig: Setting CVar [[s.LevelStreamingComponentsUnregistrationGranularity:5]]
[2020.03.11-21.45.47:218][  0]LogConfig: Applying CVar settings from Section [/Script/Engine.GarbageCollectionSettings] File [F:/PistolFight2/Saved/Config/Windows/Engine.ini]
[2020.03.11-21.45.47:218][  0]LogConfig: Setting CVar [[gc.MaxObjectsNotConsideredByGC:1]]
[2020.03.11-21.45.47:218][  0]LogConfig: Setting CVar [[gc.SizeOfPermanentObjectPool:0]]
[2020.03.11-21.45.47:218][  0]LogConfig: Setting CVar [[gc.FlushStreamingOnGC:0]]
[2020.03.11-21.45.47:218][  0]LogConfig: Setting CVar [[gc.NumRetriesBeforeForcingGC:10]]
[2020.03.11-21.45.47:218][  0]LogConfig: Setting CVar [[gc.AllowParallelGC:1]]
[2020.03.11-21.45.47:218][  0]LogConfig: Setting CVar [[gc.TimeBetweenPurgingPendingKillObjects:61.1]]
[2020.03.11-21.45.47:218][  0]LogConfig: Setting CVar [[gc.MaxObjectsInEditor:16777216]]
[2020.03.11-21.45.47:218][  0]LogConfig: Setting CVar [[gc.IncrementalBeginDestroyEnabled:1]]
[2020.03.11-21.45.47:218][  0]LogConfig: Setting CVar [[gc.CreateGCClusters:1]]
[2020.03.11-21.45.47:218][  0]LogConfig: Setting CVar [[gc.MinGCClusterSize:5]]
[2020.03.11-21.45.47:218][  0]LogConfig: Setting CVar [[gc.ActorClusteringEnabled:0]]
[2020.03.11-21.45.47:218][  0]LogConfig: Setting CVar [[gc.BlueprintClusteringEnabled:0]]
[2020.03.11-21.45.47:218][  0]LogConfig: Setting CVar [[gc.UseDisregardForGCOnDedicatedServers:0]]
[2020.03.11-21.45.47:218][  0]LogConfig: Applying CVar settings from Section [/Script/Engine.NetworkSettings] File [F:/PistolFight2/Saved/Config/Windows/Engine.ini]
[2020.03.11-21.45.47:218][  0]LogConfig: Setting CVar [[p.EnableMultiplayerWorldOriginRebasing:1]]
[2020.03.11-21.45.47:218][  0]LogConfig: Applying CVar settings from Section [/Script/UnrealEd.CookerSettings] File [F:/PistolFight2/Saved/Config/Windows/Engine.ini]
[2020.03.11-21.45.47:222][  0]LogConfig: Applying CVar settings from Section [ViewDistanceQuality@3] File [F:/PistolFight2/Saved/Config/Windows/Scalability.ini]
[2020.03.11-21.45.47:222][  0]LogConfig: Setting CVar [[r.SkeletalMeshLODBias:0]]
[2020.03.11-21.45.47:222][  0]LogConfig: Setting CVar [[r.ViewDistanceScale:1.0]]
[2020.03.11-21.45.47:222][  0]LogConfig: Applying CVar settings from Section [AntiAliasingQuality@3] File [F:/PistolFight2/Saved/Config/Windows/Scalability.ini]
[2020.03.11-21.45.47:222][  0]LogConfig: Setting CVar [[r.PostProcessAAQuality:4]]
[2020.03.11-21.45.47:222][  0]LogConfig: Applying CVar settings from Section [ShadowQuality@3] File [F:/PistolFight2/Saved/Config/Windows/Scalability.ini]
[2020.03.11-21.45.47:222][  0]LogConfig: Setting CVar [[r.LightFunctionQuality:1]]
[2020.03.11-21.45.47:222][  0]LogConfig: Setting CVar [[r.ShadowQuality:5]]
[2020.03.11-21.45.47:222][  0]LogConfig: Setting CVar [[r.Shadow.CSM.MaxCascades:10]]
[2020.03.11-21.45.47:222][  0]LogConfig: Setting CVar [[r.Shadow.MaxResolution:2048]]
[2020.03.11-21.45.47:222][  0]LogConfig: Setting CVar [[r.Shadow.MaxCSMResolution:2048]]
[2020.03.11-21.45.47:222][  0]LogConfig: Setting CVar [[r.Shadow.RadiusThreshold:0.01]]
[2020.03.11-21.45.47:222][  0]LogConfig: Setting CVar [[r.Shadow.DistanceScale:1.0]]
[2020.03.11-21.45.47:222][  0]LogConfig: Setting CVar [[r.Shadow.CSM.TransitionScale:1.0]]
[2020.03.11-21.45.47:222][  0]LogConfig: Setting CVar [[r.Shadow.PreShadowResolutionFactor:1.0]]
[2020.03.11-21.45.47:223][  0]LogConfig: Setting CVar [[r.DistanceFieldShadowing:1]]
[2020.03.11-21.45.47:223][  0]LogConfig: Setting CVar [[r.DistanceFieldAO:1]]
[2020.03.11-21.45.47:223][  0]LogConfig: Setting CVar [[r.AOQuality:2]]
[2020.03.11-21.45.47:223][  0]LogConfig: Setting CVar [[r.VolumetricFog:1]]
[2020.03.11-21.45.47:223][  0]LogConfig: Setting CVar [[r.VolumetricFog.GridPixelSize:8]]
[2020.03.11-21.45.47:223][  0]LogConfig: Setting CVar [[r.VolumetricFog.GridSizeZ:128]]
[2020.03.11-21.45.47:223][  0]LogConfig: Setting CVar [[r.VolumetricFog.HistoryMissSupersampleCount:4]]
[2020.03.11-21.45.47:223][  0]LogConfig: Setting CVar [[r.LightMaxDrawDistanceScale:1]]
[2020.03.11-21.45.47:223][  0]LogConfig: Setting CVar [[r.CapsuleShadows:1]]
[2020.03.11-21.45.47:223][  0]LogConfig: Applying CVar settings from Section [PostProcessQuality@3] File [F:/PistolFight2/Saved/Config/Windows/Scalability.ini]
[2020.03.11-21.45.47:223][  0]LogConfig: Setting CVar [[r.MotionBlurQuality:4]]
[2020.03.11-21.45.47:223][  0]LogConfig: Setting CVar [[r.AmbientOcclusionMipLevelFactor:0.4]]
[2020.03.11-21.45.47:223][  0]LogConfig: Setting CVar [[r.AmbientOcclusionMaxQuality:100]]
[2020.03.11-21.45.47:223][  0]LogConfig: Setting CVar [[r.AmbientOcclusionLevels:-1]]
[2020.03.11-21.45.47:223][  0]LogConfig: Setting CVar [[r.AmbientOcclusionRadiusScale:1.0]]
[2020.03.11-21.45.47:223][  0]LogConfig: Setting CVar [[r.DepthOfFieldQuality:2]]
[2020.03.11-21.45.47:223][  0]LogConfig: Setting CVar [[r.RenderTargetPoolMin:400]]
[2020.03.11-21.45.47:223][  0]LogConfig: Setting CVar [[r.LensFlareQuality:2]]
[2020.03.11-21.45.47:223][  0]LogConfig: Setting CVar [[r.SceneColorFringeQuality:1]]
[2020.03.11-21.45.47:223][  0]LogConfig: Setting CVar [[r.EyeAdaptationQuality:2]]
[2020.03.11-21.45.47:223][  0]LogConfig: Setting CVar [[r.BloomQuality:5]]
[2020.03.11-21.45.47:223][  0]LogConfig: Setting CVar [[r.FastBlurThreshold:100]]
[2020.03.11-21.45.47:223][  0]LogConfig: Setting CVar [[r.Upscale.Quality:3]]
[2020.03.11-21.45.47:223][  0]LogConfig: Setting CVar [[r.Tonemapper.GrainQuantization:1]]
[2020.03.11-21.45.47:223][  0]LogConfig: Setting CVar [[r.LightShaftQuality:1]]
[2020.03.11-21.45.47:223][  0]LogConfig: Setting CVar [[r.Filter.SizeScale:1]]
[2020.03.11-21.45.47:223][  0]LogConfig: Setting CVar [[r.Tonemapper.Quality:5]]
[2020.03.11-21.45.47:223][  0]LogConfig: Setting CVar [[r.DOF.Gather.AccumulatorQuality:1        ; higher gathering accumulator quality]]
[2020.03.11-21.45.47:223][  0]LogConfig: Setting CVar [[r.DOF.Gather.PostfilterMethod:1          ; Median3x3 postfilering method]]
[2020.03.11-21.45.47:223][  0]LogConfig: Setting CVar [[r.DOF.Gather.EnableBokehSettings:0       ; no bokeh simulation when gathering]]
[2020.03.11-21.45.47:223][  0]LogConfig: Setting CVar [[r.DOF.Gather.RingCount:4                 ; medium number of samples when gathering]]
[2020.03.11-21.45.47:223][  0]LogConfig: Setting CVar [[r.DOF.Scatter.ForegroundCompositing:1    ; additive foreground scattering]]
[2020.03.11-21.45.47:223][  0]LogConfig: Setting CVar [[r.DOF.Scatter.BackgroundCompositing:2    ; additive background scattering]]
[2020.03.11-21.45.47:223][  0]LogConfig: Setting CVar [[r.DOF.Scatter.EnableBokehSettings:1      ; bokeh simulation when scattering]]
[2020.03.11-21.45.47:223][  0]LogConfig: Setting CVar [[r.DOF.Scatter.MaxSpriteRatio:0.1         ; only a maximum of 10% of scattered bokeh]]
[2020.03.11-21.45.47:223][  0]LogConfig: Setting CVar [[r.DOF.Recombine.Quality:1                ; cheap slight out of focus]]
[2020.03.11-21.45.47:223][  0]LogConfig: Setting CVar [[r.DOF.Recombine.EnableBokehSettings:0    ; no bokeh simulation on slight out of focus]]
[2020.03.11-21.45.47:223][  0]LogConfig: Setting CVar [[r.DOF.TemporalAAQuality:1                ; more stable temporal accumulation]]
[2020.03.11-21.45.47:223][  0]LogConfig: Setting CVar [[r.DOF.Kernel.MaxForegroundRadius:0.025]]
[2020.03.11-21.45.47:223][  0]LogConfig: Setting CVar [[r.DOF.Kernel.MaxBackgroundRadius:0.025]]
[2020.03.11-21.45.47:223][  0]LogConfig: Applying CVar settings from Section [TextureQuality@3] File [F:/PistolFight2/Saved/Config/Windows/Scalability.ini]
[2020.03.11-21.45.47:223][  0]LogConfig: Setting CVar [[r.Streaming.MipBias:0]]
[2020.03.11-21.45.47:223][  0]LogConfig: Setting CVar [[r.Streaming.AmortizeCPUToGPUCopy:0]]
[2020.03.11-21.45.47:223][  0]LogConfig: Setting CVar [[r.Streaming.MaxNumTexturesToStreamPerFrame:0]]
[2020.03.11-21.45.47:223][  0]LogConfig: Setting CVar [[r.Streaming.Boost:1]]
[2020.03.11-21.45.47:223][  0]LogConfig: Setting CVar [[r.MaxAnisotropy:8]]
[2020.03.11-21.45.47:223][  0]LogConfig: Setting CVar [[r.Streaming.LimitPoolSizeToVRAM:0]]
[2020.03.11-21.45.47:223][  0]LogConfig: Setting CVar [[r.Streaming.PoolSize:1000]]
[2020.03.11-21.45.47:223][  0]LogConfig: Setting CVar [[r.Streaming.MaxEffectiveScreenSize:0]]
[2020.03.11-21.45.47:223][  0]LogConfig: Applying CVar settings from Section [EffectsQuality@3] File [F:/PistolFight2/Saved/Config/Windows/Scalability.ini]
[2020.03.11-21.45.47:223][  0]LogConfig: Setting CVar [[r.TranslucencyLightingVolumeDim:64]]
[2020.03.11-21.45.47:223][  0]LogConfig: Setting CVar [[r.RefractionQuality:2]]
[2020.03.11-21.45.47:223][  0]LogConfig: Setting CVar [[r.SSR.Quality:3]]
[2020.03.11-21.45.47:223][  0]LogConfig: Setting CVar [[r.SceneColorFormat:4]]
[2020.03.11-21.45.47:223][  0]LogConfig: Setting CVar [[r.DetailMode:2]]
[2020.03.11-21.45.47:223][  0]LogConfig: Setting CVar [[r.TranslucencyVolumeBlur:1]]
[2020.03.11-21.45.47:223][  0]LogConfig: Setting CVar [[r.MaterialQualityLevel:1 ; High quality]]
[2020.03.11-21.45.47:223][  0]LogConfig: Setting CVar [[r.SSS.Scale:1]]
[2020.03.11-21.45.47:223][  0]LogConfig: Setting CVar [[r.SSS.SampleSet:2]]
[2020.03.11-21.45.47:223][  0]LogConfig: Setting CVar [[r.SSS.Quality:1]]
[2020.03.11-21.45.47:223][  0]LogConfig: Setting CVar [[r.SSS.HalfRes:1]]
[2020.03.11-21.45.47:223][  0]LogConfig: Setting CVar [[r.EmitterSpawnRateScale:1.0]]
[2020.03.11-21.45.47:223][  0]LogConfig: Setting CVar [[r.ParticleLightQuality:2]]
[2020.03.11-21.45.47:223][  0]LogConfig: Applying CVar settings from Section [FoliageQuality@3] File [F:/PistolFight2/Saved/Config/Windows/Scalability.ini]
[2020.03.11-21.45.47:224][  0]LogConfig: Setting CVar [[foliage.DensityScale:1.0]]
[2020.03.11-21.45.47:224][  0]LogConfig: Setting CVar [[grass.DensityScale:1.0]]
[2020.03.11-21.45.47:224][  0]LogInit: Selected Device Profile: [Windows]
[2020.03.11-21.45.47:224][  0]LogInit: Applying CVar settings loaded from the selected device profile: [Windows]
[2020.03.11-21.45.48:201][  0]LogHAL: Display: Platform has ~ 16 GB [17116123136 / 17179869184 / 16], which maps to Larger [LargestMinGB=32, LargerMinGB=12, DefaultMinGB=8, SmallerMinGB=6, SmallestMinGB=0)
[2020.03.11-21.45.48:201][  0]LogConfig: Setting CVar [[r.Vulkan.UseRealUBs:0		; Required until we fix HLR fall-out]]
[2020.03.11-21.45.48:201][  0]LogInit: Going up to parent DeviceProfile []
[2020.03.11-21.45.48:201][  0]LogConfig: Applying CVar settings from Section [ViewDistanceQuality@3] File [F:/PistolFight2/Saved/Config/Windows/Scalability.ini]
[2020.03.11-21.45.48:201][  0]LogConfig: Setting CVar [[r.SkeletalMeshLODBias:0]]
[2020.03.11-21.45.48:201][  0]LogConfig: Setting CVar [[r.ViewDistanceScale:1.0]]
[2020.03.11-21.45.48:201][  0]LogConfig: Applying CVar settings from Section [AntiAliasingQuality@3] File [F:/PistolFight2/Saved/Config/Windows/Scalability.ini]
[2020.03.11-21.45.48:201][  0]LogConfig: Setting CVar [[r.PostProcessAAQuality:4]]
[2020.03.11-21.45.48:201][  0]LogConfig: Applying CVar settings from Section [ShadowQuality@3] File [F:/PistolFight2/Saved/Config/Windows/Scalability.ini]
[2020.03.11-21.45.48:201][  0]LogConfig: Setting CVar [[r.LightFunctionQuality:1]]
[2020.03.11-21.45.48:201][  0]LogConfig: Setting CVar [[r.ShadowQuality:5]]
[2020.03.11-21.45.48:201][  0]LogConfig: Setting CVar [[r.Shadow.CSM.MaxCascades:10]]
[2020.03.11-21.45.48:201][  0]LogConfig: Setting CVar [[r.Shadow.MaxResolution:2048]]
[2020.03.11-21.45.48:201][  0]LogConfig: Setting CVar [[r.Shadow.MaxCSMResolution:2048]]
[2020.03.11-21.45.48:201][  0]LogConfig: Setting CVar [[r.Shadow.RadiusThreshold:0.01]]
[2020.03.11-21.45.48:201][  0]LogConfig: Setting CVar [[r.Shadow.DistanceScale:1.0]]
[2020.03.11-21.45.48:201][  0]LogConfig: Setting CVar [[r.Shadow.CSM.TransitionScale:1.0]]
[2020.03.11-21.45.48:201][  0]LogConfig: Setting CVar [[r.Shadow.PreShadowResolutionFactor:1.0]]
[2020.03.11-21.45.48:201][  0]LogConfig: Setting CVar [[r.DistanceFieldShadowing:1]]
[2020.03.11-21.45.48:201][  0]LogConfig: Setting CVar [[r.DistanceFieldAO:1]]
[2020.03.11-21.45.48:201][  0]LogConfig: Setting CVar [[r.AOQuality:2]]
[2020.03.11-21.45.48:201][  0]LogConfig: Setting CVar [[r.VolumetricFog:1]]
[2020.03.11-21.45.48:201][  0]LogConfig: Setting CVar [[r.VolumetricFog.GridPixelSize:8]]
[2020.03.11-21.45.48:201][  0]LogConfig: Setting CVar [[r.VolumetricFog.GridSizeZ:128]]
[2020.03.11-21.45.48:201][  0]LogConfig: Setting CVar [[r.VolumetricFog.HistoryMissSupersampleCount:4]]
[2020.03.11-21.45.48:201][  0]LogConfig: Setting CVar [[r.LightMaxDrawDistanceScale:1]]
[2020.03.11-21.45.48:201][  0]LogConfig: Setting CVar [[r.CapsuleShadows:1]]
[2020.03.11-21.45.48:201][  0]LogConfig: Applying CVar settings from Section [PostProcessQuality@3] File [F:/PistolFight2/Saved/Config/Windows/Scalability.ini]
[2020.03.11-21.45.48:201][  0]LogConfig: Setting CVar [[r.MotionBlurQuality:4]]
[2020.03.11-21.45.48:201][  0]LogConfig: Setting CVar [[r.AmbientOcclusionMipLevelFactor:0.4]]
[2020.03.11-21.45.48:201][  0]LogConfig: Setting CVar [[r.AmbientOcclusionMaxQuality:100]]
[2020.03.11-21.45.48:201][  0]LogConfig: Setting CVar [[r.AmbientOcclusionLevels:-1]]
[2020.03.11-21.45.48:201][  0]LogConfig: Setting CVar [[r.AmbientOcclusionRadiusScale:1.0]]
[2020.03.11-21.45.48:201][  0]LogConfig: Setting CVar [[r.DepthOfFieldQuality:2]]
[2020.03.11-21.45.48:201][  0]LogConfig: Setting CVar [[r.RenderTargetPoolMin:400]]
[2020.03.11-21.45.48:201][  0]LogConfig: Setting CVar [[r.LensFlareQuality:2]]
[2020.03.11-21.45.48:202][  0]LogConfig: Setting CVar [[r.SceneColorFringeQuality:1]]
[2020.03.11-21.45.48:202][  0]LogConfig: Setting CVar [[r.EyeAdaptationQuality:2]]
[2020.03.11-21.45.48:202][  0]LogConfig: Setting CVar [[r.BloomQuality:5]]
[2020.03.11-21.45.48:202][  0]LogConfig: Setting CVar [[r.FastBlurThreshold:100]]
[2020.03.11-21.45.48:202][  0]LogConfig: Setting CVar [[r.Upscale.Quality:3]]
[2020.03.11-21.45.48:202][  0]LogConfig: Setting CVar [[r.Tonemapper.GrainQuantization:1]]
[2020.03.11-21.45.48:202][  0]LogConfig: Setting CVar [[r.LightShaftQuality:1]]
[2020.03.11-21.45.48:202][  0]LogConfig: Setting CVar [[r.Filter.SizeScale:1]]
[2020.03.11-21.45.48:202][  0]LogConfig: Setting CVar [[r.Tonemapper.Quality:5]]
[2020.03.11-21.45.48:202][  0]LogConfig: Setting CVar [[r.DOF.Gather.AccumulatorQuality:1        ; higher gathering accumulator quality]]
[2020.03.11-21.45.48:202][  0]LogConfig: Setting CVar [[r.DOF.Gather.PostfilterMethod:1          ; Median3x3 postfilering method]]
[2020.03.11-21.45.48:202][  0]LogConfig: Setting CVar [[r.DOF.Gather.EnableBokehSettings:0       ; no bokeh simulation when gathering]]
[2020.03.11-21.45.48:202][  0]LogConfig: Setting CVar [[r.DOF.Gather.RingCount:4                 ; medium number of samples when gathering]]
[2020.03.11-21.45.48:202][  0]LogConfig: Setting CVar [[r.DOF.Scatter.ForegroundCompositing:1    ; additive foreground scattering]]
[2020.03.11-21.45.48:202][  0]LogConfig: Setting CVar [[r.DOF.Scatter.BackgroundCompositing:2    ; additive background scattering]]
[2020.03.11-21.45.48:202][  0]LogConfig: Setting CVar [[r.DOF.Scatter.EnableBokehSettings:1      ; bokeh simulation when scattering]]
[2020.03.11-21.45.48:202][  0]LogConfig: Setting CVar [[r.DOF.Scatter.MaxSpriteRatio:0.1         ; only a maximum of 10% of scattered bokeh]]
[2020.03.11-21.45.48:202][  0]LogConfig: Setting CVar [[r.DOF.Recombine.Quality:1                ; cheap slight out of focus]]
[2020.03.11-21.45.48:202][  0]LogConfig: Setting CVar [[r.DOF.Recombine.EnableBokehSettings:0    ; no bokeh simulation on slight out of focus]]
[2020.03.11-21.45.48:202][  0]LogConfig: Setting CVar [[r.DOF.TemporalAAQuality:1                ; more stable temporal accumulation]]
[2020.03.11-21.45.48:202][  0]LogConfig: Setting CVar [[r.DOF.Kernel.MaxForegroundRadius:0.025]]
[2020.03.11-21.45.48:202][  0]LogConfig: Setting CVar [[r.DOF.Kernel.MaxBackgroundRadius:0.025]]
[2020.03.11-21.45.48:202][  0]LogConfig: Applying CVar settings from Section [TextureQuality@3] File [F:/PistolFight2/Saved/Config/Windows/Scalability.ini]
[2020.03.11-21.45.48:202][  0]LogConfig: Setting CVar [[r.Streaming.MipBias:0]]
[2020.03.11-21.45.48:202][  0]LogConfig: Setting CVar [[r.Streaming.AmortizeCPUToGPUCopy:0]]
[2020.03.11-21.45.48:202][  0]LogConfig: Setting CVar [[r.Streaming.MaxNumTexturesToStreamPerFrame:0]]
[2020.03.11-21.45.48:202][  0]LogConfig: Setting CVar [[r.Streaming.Boost:1]]
[2020.03.11-21.45.48:202][  0]LogConfig: Setting CVar [[r.MaxAnisotropy:8]]
[2020.03.11-21.45.48:202][  0]LogConfig: Setting CVar [[r.Streaming.LimitPoolSizeToVRAM:0]]
[2020.03.11-21.45.48:202][  0]LogConfig: Setting CVar [[r.Streaming.PoolSize:1000]]
[2020.03.11-21.45.48:202][  0]LogConfig: Setting CVar [[r.Streaming.MaxEffectiveScreenSize:0]]
[2020.03.11-21.45.48:202][  0]LogConfig: Applying CVar settings from Section [EffectsQuality@3] File [F:/PistolFight2/Saved/Config/Windows/Scalability.ini]
[2020.03.11-21.45.48:202][  0]LogConfig: Setting CVar [[r.TranslucencyLightingVolumeDim:64]]
[2020.03.11-21.45.48:202][  0]LogConfig: Setting CVar [[r.RefractionQuality:2]]
[2020.03.11-21.45.48:202][  0]LogConfig: Setting CVar [[r.SSR.Quality:3]]
[2020.03.11-21.45.48:202][  0]LogConfig: Setting CVar [[r.SceneColorFormat:4]]
[2020.03.11-21.45.48:202][  0]LogConfig: Setting CVar [[r.DetailMode:2]]
[2020.03.11-21.45.48:202][  0]LogConfig: Setting CVar [[r.TranslucencyVolumeBlur:1]]
[2020.03.11-21.45.48:202][  0]LogConfig: Setting CVar [[r.MaterialQualityLevel:1 ; High quality]]
[2020.03.11-21.45.48:202][  0]LogConfig: Setting CVar [[r.SSS.Scale:1]]
[2020.03.11-21.45.48:202][  0]LogConfig: Setting CVar [[r.SSS.SampleSet:2]]
[2020.03.11-21.45.48:202][  0]LogConfig: Setting CVar [[r.SSS.Quality:1]]
[2020.03.11-21.45.48:202][  0]LogConfig: Setting CVar [[r.SSS.HalfRes:1]]
[2020.03.11-21.45.48:202][  0]LogConfig: Setting CVar [[r.EmitterSpawnRateScale:1.0]]
[2020.03.11-21.45.48:202][  0]LogConfig: Setting CVar [[r.ParticleLightQuality:2]]
[2020.03.11-21.45.48:202][  0]LogConfig: Applying CVar settings from Section [FoliageQuality@3] File [F:/PistolFight2/Saved/Config/Windows/Scalability.ini]
[2020.03.11-21.45.48:202][  0]LogConfig: Setting CVar [[foliage.DensityScale:1.0]]
[2020.03.11-21.45.48:202][  0]LogConfig: Setting CVar [[grass.DensityScale:1.0]]
[2020.03.11-21.45.48:202][  0]LogConfig: Applying CVar settings from Section [Startup] File [../../../Engine/Config/ConsoleVariables.ini]
[2020.03.11-21.45.48:203][  0]LogConfig: Setting CVar [[net.UseAdaptiveNetUpdateFrequency:0]]
[2020.03.11-21.45.48:203][  0]LogConfig: Setting CVar [[p.chaos.AllowCreatePhysxBodies:1]]
[2020.03.11-21.45.48:203][  0]LogConfig: Applying CVar settings from Section [ConsoleVariables] File [F:/PistolFight2/Saved/Config/Windows/Engine.ini]
[2020.03.11-21.45.48:203][  0]LogInit: Computer: DESKTOP-F64EGSH
[2020.03.11-21.45.48:203][  0]LogInit: User: natha
[2020.03.11-21.45.48:203][  0]LogInit: CPU Page size=4096, Cores=8
[2020.03.11-21.45.48:203][  0]LogInit: High frequency timer resolution =10.000000 MHz
[2020.03.11-21.45.48:203][  0]LogMemory: Memory total: Physical=15.9GB (16GB approx)
[2020.03.11-21.45.48:203][  0]LogMemory: Platform Memory Stats for Windows
[2020.03.11-21.45.48:203][  0]LogMemory: Process Physical Memory: 99.06 MB used, 99.07 MB peak
[2020.03.11-21.45.48:203][  0]LogMemory: Process Virtual Memory: 90.62 MB used, 90.62 MB peak
[2020.03.11-21.45.48:203][  0]LogMemory: Physical Memory: 6462.07 MB used,  9861.14 MB free, 16323.21 MB total
[2020.03.11-21.45.48:203][  0]LogMemory: Virtual Memory: 4677.55 MB used,  134213048.00 MB free, 134217728.00 MB total
[2020.03.11-21.45.48:218][  0]LogInit: Using OS detected language (en-GB).
[2020.03.11-21.45.48:218][  0]LogInit: Using OS detected locale (en-GB).
[2020.03.11-21.45.48:219][  0]LogTextLocalizationManager: No specific localization for 'en-GB' exists, so the 'en' localization will be used.
[2020.03.11-21.45.48:400][  0]LogSlate: New Slate User Created.  User Index 0, Is Virtual User: 0
[2020.03.11-21.45.48:400][  0]LogSlate: Slate User Registered.  User Index 0, Is Virtual User: 0
[2020.03.11-21.45.48:415][  0]LogHMD: Failed to initialize OpenVR with code 105
[2020.03.11-21.45.48:415][  0]LogD3D11RHI: D3D11 adapters:
[2020.03.11-21.45.48:456][  0]LogD3D11RHI:    0. 'AMD Radeon (TM) R9 380 Series' (Feature Level 11_0)
[2020.03.11-21.45.48:456][  0]LogD3D11RHI:       4071/0/8161 MB DedicatedVideo/DedicatedSystem/SharedSystem, Outputs:1, VendorId:0x1002
[2020.03.11-21.45.48:459][  0]LogD3D11RHI:    1. 'Microsoft Basic Render Driver' (Feature Level 11_0)
[2020.03.11-21.45.48:460][  0]LogD3D11RHI:       0/0/8161 MB DedicatedVideo/DedicatedSystem/SharedSystem, Outputs:0, VendorId:0x1414
[2020.03.11-21.45.48:460][  0]LogD3D11RHI: Chosen D3D11 Adapter: 0
[2020.03.11-21.45.48:467][  0]LogD3D11RHI: Creating new Direct3DDevice
[2020.03.11-21.45.48:467][  0]LogD3D11RHI:     GPU DeviceId: 0x6939 (for the marketing name, search the web for "GPU Device Id")
[2020.03.11-21.45.48:467][  0]LogWindows: EnumDisplayDevices:
[2020.03.11-21.45.48:467][  0]LogWindows:    0. 'AMD Radeon (TM) R9 380 Series' (P:1 D:1)
[2020.03.11-21.45.48:467][  0]LogWindows:    1. 'AMD Radeon (TM) R9 380 Series' (P:0 D:0)
[2020.03.11-21.45.48:468][  0]LogWindows:    2. 'AMD Radeon (TM) R9 380 Series' (P:0 D:0)
[2020.03.11-21.45.48:468][  0]LogWindows:    3. 'AMD Radeon (TM) R9 380 Series' (P:0 D:0)
[2020.03.11-21.45.48:469][  0]LogWindows:    4. 'AMD Radeon (TM) R9 380 Series' (P:0 D:0)
[2020.03.11-21.45.48:469][  0]LogWindows:    5. 'AMD Radeon (TM) R9 380 Series' (P:0 D:0)
[2020.03.11-21.45.48:469][  0]LogWindows:    6. 'AMD Radeon (TM) R9 380 Series' (P:0 D:0)
[2020.03.11-21.45.48:470][  0]LogWindows:    7. 'AMD Radeon (TM) R9 380 Series' (P:0 D:0)
[2020.03.11-21.45.48:470][  0]LogWindows: DebugString: FoundDriverCount:8 
[2020.03.11-21.45.48:470][  0]LogD3D11RHI:     Adapter Name: AMD Radeon (TM) R9 380 Series
[2020.03.11-21.45.48:470][  0]LogD3D11RHI:   Driver Version: Adrenalin 2020 20.1.3 (internal:26.20.15015.1007, unified:26.20.15015.1007)
[2020.03.11-21.45.48:470][  0]LogD3D11RHI:      Driver Date: 1-17-2020
[2020.03.11-21.45.48:470][  0]LogRHI: Texture pool is 2849 MB (70% of 4071 MB)
[2020.03.11-21.45.48:528][  0]LogD3D11RHI: Async texture creation enabled
[2020.03.11-21.45.48:532][  0]LogRendererCore: FGlobalReadBuffer::InitRHI
[2020.03.11-21.45.48:532][  0]LogRendererCore: FGlobalReadBuffer::InitRHI
[2020.03.11-21.45.48:532][  0]LogRendererCore: FGlobalReadBuffer::InitRHI
[2020.03.11-21.45.48:539][  0]LogD3D11RHI: GPU Timing Frequency: 27.000000 (Debug: 2 1)
[2020.03.11-21.45.48:832][  0]LogTemp: Display: Module 'WindowsClientTargetPlatform' loaded TargetPlatform 'WindowsClient'
[2020.03.11-21.45.48:849][  0]LogTemp: Display: Module 'WindowsNoEditorTargetPlatform' loaded TargetPlatform 'WindowsNoEditor'
[2020.03.11-21.45.48:865][  0]LogTemp: Display: Module 'WindowsServerTargetPlatform' loaded TargetPlatform 'WindowsServer'
[2020.03.11-21.45.48:874][  0]LogTemp: Display: Module 'WindowsTargetPlatform' loaded TargetPlatform 'Windows'
[2020.03.11-21.45.48:874][  0]LogTargetPlatformManager: Display: Building Assets For Windows
[2020.03.11-21.45.48:882][  0]LogAudioDebug: Display: Lib vorbis DLL was dynamically loaded.
[2020.03.11-21.45.48:923][  0]LogShaderCompilers: Guid format shader working directory is 30 characters bigger than the processId version (F:/PistolFight2/Intermediate/Shaders/WorkingDirectory/11152/).
[2020.03.11-21.45.48:924][  0]LogShaderCompilers: Cleaned the shader compiler working directory 'C:/Users/natha/AppData/Local/Temp/UnrealShaderWorkingDir/346C94724F358DA9E072738C7B2C76CF/'.
[2020.03.11-21.45.48:925][  0]LogXGEController: Cannot use XGE Controller as Incredibuild is not installed on this machine.
[2020.03.11-21.45.48:925][  0]LogShaderCompilers: Cannot use XGE Shader Compiler as Incredibuild is not installed on this machine.
[2020.03.11-21.45.48:925][  0]LogShaderCompilers: Display: Using Local Shader Compiler.
[2020.03.11-21.45.49:536][  0]LogDerivedDataCache: Display: Max Cache Size: 512 MB
[2020.03.11-21.45.49:589][  0]LogDerivedDataCache: Loaded boot cache 0.05s 71MB C:/Users/natha/AppData/Local/UnrealEngine/4.22/DerivedDataCache/Boot.ddc.
[2020.03.11-21.45.49:589][  0]LogDerivedDataCache: Display: Loaded Boot cache: C:/Users/natha/AppData/Local/UnrealEngine/4.22/DerivedDataCache/Boot.ddc
[2020.03.11-21.45.49:589][  0]LogDerivedDataCache: FDerivedDataBackendGraph:  Pak pak cache file F:/PistolFight2/DerivedDataCache/DDC.ddp not found, will not use a pak cache.
[2020.03.11-21.45.49:589][  0]LogDerivedDataCache: Unable to find inner node Pak for hierarchical cache Hierarchy.
[2020.03.11-21.45.49:589][  0]LogDerivedDataCache: FDerivedDataBackendGraph:  CompressedPak pak cache file F:/PistolFight2/DerivedDataCache/Compressed.ddp not found, will not use a pak cache.
[2020.03.11-21.45.49:589][  0]LogDerivedDataCache: Unable to find inner node CompressedPak for hierarchical cache Hierarchy.
[2020.03.11-21.45.49:602][  0]LogDerivedDataCache: Display: Pak cache opened for reading ../../../Engine/DerivedDataCache/Compressed.ddp.
[2020.03.11-21.45.49:602][  0]LogDerivedDataCache: FDerivedDataBackendGraph:  EnterprisePak pak cache file ../../../Enterprise/DerivedDataCache/Compressed.ddp not found, will not use a pak cache.
[2020.03.11-21.45.49:602][  0]LogDerivedDataCache: Unable to find inner node EnterprisePak for hierarchical cache Hierarchy.
[2020.03.11-21.45.49:614][  0]LogDerivedDataCache: Using Local data cache path C:/Users/natha/AppData/Local/UnrealEngine/Common/DerivedDataCache: Writable
[2020.03.11-21.45.49:614][  0]LogDerivedDataCache: Shared data cache path not found in *engine.ini, will not use an Shared cache.
[2020.03.11-21.45.49:614][  0]LogDerivedDataCache: Unable to find inner node Shared for hierarchical cache Hierarchy.
[2020.03.11-21.45.49:640][  0]LogMaterial: Verifying Global Shaders for PCD3D_SM5
[2020.03.11-21.45.49:664][  0]LogSlate: Using FreeType 2.6.0
[2020.03.11-21.45.49:664][  0]LogSlate: SlateFontServices - WITH_FREETYPE: 1, WITH_HARFBUZZ: 1
[2020.03.11-21.45.49:827][  0]LogInit: Using OS detected language (en-GB).
[2020.03.11-21.45.49:827][  0]LogInit: Using OS detected locale (en-GB).
[2020.03.11-21.45.49:827][  0]LogTextLocalizationManager: No localization for 'en-GB' exists, so 'en' will be used for the language.
[2020.03.11-21.45.49:827][  0]LogTextLocalizationManager: No localization for 'en-GB' exists, so 'en' will be used for the locale.
[2020.03.11-21.45.49:827][  0]LogSlate: FontCache flush requested. Reason: Culture for localization was changed
[2020.03.11-21.45.49:827][  0]LogSlate: FontCache flush requested. Reason: Culture for localization was changed
[2020.03.11-21.45.49:833][  0]LogTextLocalizationManager: Compacting localization data took   0.01ms
[2020.03.11-21.45.49:851][  0]LogAssetRegistry: FAssetRegistry took 0.0162 seconds to start up
[2020.03.11-21.45.50:051][  0]LogPackageLocalizationCache: Processed 10 localized package path(s) for 1 prioritized culture(s) in 0.000600 seconds
[2020.03.11-21.45.50:310][  0]LogInit: Selected Device Profile: [Windows]
[2020.03.11-21.45.50:364][  0]LogMeshReduction: Using QuadricMeshReduction for automatic static mesh reduction
[2020.03.11-21.45.50:364][  0]LogMeshReduction: Using SimplygonMeshReduction for automatic skeletal mesh reduction
[2020.03.11-21.45.50:364][  0]LogMeshReduction: Using ProxyLODMeshReduction for automatic mesh merging
[2020.03.11-21.45.50:364][  0]LogMeshReduction: No distributed automatic mesh merging module available
[2020.03.11-21.45.50:364][  0]LogMeshMerging: No distributed automatic mesh merging module available
[2020.03.11-21.45.50:446][  0]LogNetVersion: PistolFight2 1.0.0, NetCL: 5660361, EngineNetVer: 10, GameNetVer: 0 (Checksum: 2530651215)
[2020.03.11-21.45.50:948][  0]LogMoviePlayer: Initializing movie player
[2020.03.11-21.45.51:061][  0]LogTcpMessaging: Initializing TcpMessaging bridge
[2020.03.11-21.45.51:074][  0]LogUdpMessaging: Initializing bridge on interface 0.0.0.0:0 to multicast group 230.0.0.1:6666.
[2020.03.11-21.45.51:155][  0]SourceControl: Source control is disabled
[2020.03.11-21.45.51:155][  0]SourceControl: Source control is disabled
[2020.03.11-21.45.51:156][  0]SourceControl: Source control is disabled
[2020.03.11-21.45.51:162][  0]LogVSAccessor: Display: Unable to create Visual Studio setup instance: 80040154
[2020.03.11-21.45.51:162][  0]LogVSAccessor: Display: Unable to create Visual Studio setup instance: 80040154
[2020.03.11-21.45.51:191][  0]LogAndroidPermission: UAndroidPermissionCallbackProxy::GetInstance
[2020.03.11-21.45.51:277][  0]LogOcInput: OculusInput pre-init called
[2020.03.11-21.45.51:288][  0]LogUObjectArray: 46459 objects as part of root set at end of initial load.
[2020.03.11-21.45.51:288][  0]LogUObjectAllocator: 8159704 out of 0 bytes used by permanent object pool.
[2020.03.11-21.45.51:288][  0]LogUObjectArray: CloseDisregardForGC: 0/0 objects in disregard for GC pool
[2020.03.11-21.45.51:422][  0]LogEngine: Initializing Engine...
[2020.03.11-21.45.51:426][  0]LogHMD: Failed to initialize OpenVR with code 105
[2020.03.11-21.45.51:438][  0]LogStats: UGameplayTagsManager::InitializeManager -  0.000 s
[2020.03.11-21.45.51:634][  0]LogInit: Initializing FReadOnlyCVARCache
[2020.03.11-21.45.51:655][  0]LogInit: XAudio2 using 'Speakers (High Definition Audio Device)' : 2 channels at 48 kHz using 32 bits per sample (channel mask 0x3)
[2020.03.11-21.45.51:668][  0]LogInit: FAudioDevice initialized.
[2020.03.11-21.45.51:680][  0]LogNetVersion: Set ProjectVersion to 1.0.0.0. Version Checksum will be recalculated on next use.
[2020.03.11-21.45.51:685][  0]LogInit: Texture streaming: Enabled
[2020.03.11-21.45.51:966][  0]LogSlate: Updating window title bar state: overlay mode, drag disabled, window buttons hidden, title bar hidden
[2020.03.11-21.45.51:993][  0]LogInit: Display: Game Engine Initialized.
[2020.03.11-21.45.52:047][  0]LogInit: Display: Starting Game.
[2020.03.11-21.45.52:066][  0]LogNet: Browse: /Game/ThirdPersonBP/Maps/MenuLevel?Name=Player
[2020.03.11-21.45.52:071][  0]LogLoad: LoadMap: /Game/ThirdPersonBP/Maps/MenuLevel?Name=Player
[2020.03.11-21.45.52:218][  0]LogUObjectHash: Compacting FUObjectHashTables data took   1.66ms
[2020.03.11-21.45.52:329][  0]LogAIModule: Creating AISystem for world MenuLevel
[2020.03.11-21.45.52:335][  0]LogLoad: Game class is 'MenuGameMode_C'
[2020.03.11-21.45.52:337][  0]LogWorld: Bringing World /Game/ThirdPersonBP/Maps/MenuLevel.MenuLevel up for play (max tick rate 0) at 2020.03.11-21.45.52
[2020.03.11-21.45.52:368][  0]LogWorld: Bringing up level for play took: 0.031346
[2020.03.11-21.45.52:435][  0]LogGameMode: FindPlayerStart: PATHS NOT DEFINED or NO PLAYERSTART with positive rating
[2020.03.11-21.45.52:722][  0]LogLoad: Took 0.650143 seconds to LoadMap(/Game/ThirdPersonBP/Maps/MenuLevel)
[2020.03.11-21.45.52:800][  0]LogRenderer: Reallocating scene render targets to support 1920x1080 Format 10 NumSamples 1 (Frame:1).
[2020.03.11-21.45.52:800][  0]LogLoad: (Engine Initialization) Total time: 10.99 seconds
[2020.03.11-21.45.52:800][  0]LogLoad: (Engine Initialization) Total Blueprint compile time: 0.00 seconds
[2020.03.11-21.45.52:871][  0]LogContentStreaming: Texture pool size now 1000 MB
[2020.03.11-21.46.29:419][260]LogSlate: FSceneViewport::OnFocusLost() reason 0
[2020.03.11-21.46.29:484][264]LogSlate: Updating window title bar state: overlay mode, drag disabled, window buttons hidden, title bar hidden
[2020.03.11-21.46.29:510][264]LogSlate: Took 0.000278 seconds to synchronously load lazily loaded font '../../../Engine/Content/Slate/Fonts/Roboto-Regular.ttf' (155K)
[2020.03.11-21.46.41:992][ 38]LogSlate: Updating window title bar state: overlay mode, drag disabled, window buttons hidden, title bar hidden
[2020.03.11-21.46.42:507][ 70]LogSlate: Updating window title bar state: overlay mode, drag disabled, window buttons hidden, title bar hidden
[2020.03.11-21.46.43:201][113]LogSlate: Updating window title bar state: overlay mode, drag disabled, window buttons hidden, title bar hidden
[2020.03.11-21.46.43:572][136]LogSlate: Updating window title bar state: overlay mode, drag disabled, window buttons hidden, title bar hidden
[2020.03.11-21.46.44:282][180]LogSlate: Updating window title bar state: overlay mode, drag disabled, window buttons hidden, title bar hidden
[2020.03.11-21.46.44:862][216]LogSlate: Updating window title bar state: overlay mode, drag disabled, window buttons hidden, title bar hidden
[2020.03.11-21.46.44:942][216]LogInit: WinSock: I am DESKTOP-F64EGSH (192.168.56.1:0)
[2020.03.11-21.46.45:112][216]LogPackageName: SearchForPackageOnDisk took   0.101s to resolve Level.umap.
[2020.03.11-21.46.45:213][217]LogPackageName: SearchForPackageOnDisk took   0.099s to resolve Level.umap.
[2020.03.11-21.46.45:213][217]LogNet: Browse: /Game/ThirdPersonBP/Maps/Level?listen
[2020.03.11-21.46.45:213][217]LogLoad: LoadMap: /Game/ThirdPersonBP/Maps/Level?listen
[2020.03.11-21.46.45:277][217]LogUObjectHash: Compacting FUObjectHashTables data took   2.10ms
[2020.03.11-21.46.45:588][217]LogMaterial: Display: Missing cached shader map for material 02_-_Default, compiling. 
[2020.03.11-21.46.45:589][217]LogMaterial: Warning: F:\PistolFight2\Content\ThirdPersonBP\Blueprints\02_-_Default.uasset: Failed to compile Material for platform PCD3D_SM5, Default Material will be used in game.
[2020.03.11-21.46.45:589][217]LogMaterial: 	(Node TextureSample) Texture Sample> Missing input texture
[2020.03.11-21.46.45:637][217]LogAIModule: Creating AISystem for world Level
[2020.03.11-21.46.45:638][217]LogLoad: Game class is 'ThirdPersonGameMode_C'
[2020.03.11-21.46.45:658][217]LogTemp: Display: ParseSettings for GameNetDriver
[2020.03.11-21.46.45:665][217]LogTemp: Display: ParseSettings for IpNetDriver_0
[2020.03.11-21.46.45:666][217]LogTemp: Display: ParseSettings for GameNetDriver
[2020.03.11-21.46.45:666][217]LogNet: ReplicationDriverClass is null! Not using ReplicationDriver.
[2020.03.11-21.46.45:666][217]PacketHandlerLog: DDoS detection status: detection enabled: 0 analytics enabled: 0
[2020.03.11-21.46.45:667][217]LogInit: WinSock: Socket queue 131072 / 131072
[2020.03.11-21.46.45:682][217]PacketHandlerLog: Loaded PacketHandler component: Engine.EngineHandlerComponentFactory (StatelessConnectHandlerComponent)
[2020.03.11-21.46.45:685][217]LogNet: GameNetDriver IpNetDriver_0 IpNetDriver listening on port 7777
[2020.03.11-21.46.45:688][217]LogWorld: Bringing World /Game/ThirdPersonBP/Maps/Level.Level up for play (max tick rate 0) at 2020.03.11-21.46.45
[2020.03.11-21.46.45:714][217]LogWorld: Bringing up level for play took: 0.028944
[2020.03.11-21.46.45:954][217]LogBlueprintUserMessages: [ThirdPersonCharacter_C_0] P2
[2020.03.11-21.46.45:968][217]LogMaterial: Had to pass SMU back to game thread. Please ensure correct material usage flags.
[2020.03.11-21.46.45:968][217]LogSkeletalMesh: Error: Material with missing usage flag was applied to skeletal mesh /Game/Mannequin/Character/Mesh/SK_Mannequin.SK_Mannequin
[2020.03.11-21.46.45:968][217]LogMaterial: Had to pass SMU back to game thread. Please ensure correct material usage flags.
[2020.03.11-21.46.45:968][217]LogSkeletalMesh: Error: Material with missing usage flag was applied to skeletal mesh /Game/Mannequin/Character/Mesh/SK_Mannequin.SK_Mannequin
[2020.03.11-21.46.45:968][217]LogMaterial: Had to pass SMU back to game thread. Please ensure correct material usage flags.
[2020.03.11-21.46.45:968][217]LogSkeletalMesh: Error: Material with missing usage flag was applied to skeletal mesh /Game/Mannequin/Character/Mesh/SK_Mannequin.SK_Mannequin
[2020.03.11-21.46.45:968][217]LogMaterial: Had to pass SMU back to game thread. Please ensure correct material usage flags.
[2020.03.11-21.46.45:968][217]LogSkeletalMesh: Error: Material with missing usage flag was applied to skeletal mesh /Game/Mannequin/Character/Mesh/SK_Mannequin.SK_Mannequin
[2020.03.11-21.46.45:968][217]LogLoad: Took 0.753585 seconds to LoadMap(/Game/ThirdPersonBP/Maps/Level)
[2020.03.11-21.46.47:594][312]PIE: Warning: FirstPersonProjectile_C_0.CollisionComponent has to have 'Simulate Physics' enabled if you'd like to AddImpulse. 
[2020.03.11-21.46.55:488][801]PIE: Warning: FirstPersonProjectile_C_1.CollisionComponent has to have 'Simulate Physics' enabled if you'd like to AddImpulse. 
[2020.03.11-21.46.55:617][809]PIE: Warning: FirstPersonProjectile_C_2.CollisionComponent has to have 'Simulate Physics' enabled if you'd like to AddImpulse. 
[2020.03.11-21.46.55:827][822]PIE: Warning: FirstPersonProjectile_C_3.CollisionComponent has to have 'Simulate Physics' enabled if you'd like to AddImpulse. 
[2020.03.11-21.46.55:924][828]PIE: Warning: FirstPersonProjectile_C_4.CollisionComponent has to have 'Simulate Physics' enabled if you'd like to AddImpulse. 
[2020.03.11-21.46.56:440][860]PIE: Warning: FirstPersonProjectile_C_5.CollisionComponent has to have 'Simulate Physics' enabled if you'd like to AddImpulse. 
[2020.03.11-21.46.56:554][867]PIE: Warning: FirstPersonProjectile_C_6.CollisionComponent has to have 'Simulate Physics' enabled if you'd like to AddImpulse. 
[2020.03.11-21.46.56:634][872]PIE: Warning: FirstPersonProjectile_C_7.CollisionComponent has to have 'Simulate Physics' enabled if you'd like to AddImpulse. 
[2020.03.11-21.46.56:763][880]PIE: Warning: FirstPersonProjectile_C_8.CollisionComponent has to have 'Simulate Physics' enabled if you'd like to AddImpulse. 
[2020.03.11-21.46.56:859][886]PIE: Warning: FirstPersonProjectile_C_9.CollisionComponent has to have 'Simulate Physics' enabled if you'd like to AddImpulse. 
[2020.03.11-21.46.57:473][924]PIE: Warning: FirstPersonProjectile_C_10.CollisionComponent has to have 'Simulate Physics' enabled if you'd like to AddImpulse. 
[2020.03.11-21.46.57:635][934]PIE: Warning: FirstPersonProjectile_C_11.CollisionComponent has to have 'Simulate Physics' enabled if you'd like to AddImpulse. 
[2020.03.11-21.46.57:731][940]PIE: Warning: FirstPersonProjectile_C_12.CollisionComponent has to have 'Simulate Physics' enabled if you'd like to AddImpulse. 
[2020.03.11-21.46.57:844][947]PIE: Warning: FirstPersonProjectile_C_13.CollisionComponent has to have 'Simulate Physics' enabled if you'd like to AddImpulse. 
[2020.03.11-21.46.57:957][954]PIE: Warning: FirstPersonProjectile_C_14.CollisionComponent has to have 'Simulate Physics' enabled if you'd like to AddImpulse. 
[2020.03.11-21.46.58:280][974]PIE: Warning: FirstPersonProjectile_C_15.CollisionComponent has to have 'Simulate Physics' enabled if you'd like to AddImpulse. 
[2020.03.11-21.46.58:425][983]PIE: Warning: FirstPersonProjectile_C_16.CollisionComponent has to have 'Simulate Physics' enabled if you'd like to AddImpulse. 
[2020.03.11-21.46.58:538][990]PIE: Warning: FirstPersonProjectile_C_17.CollisionComponent has to have 'Simulate Physics' enabled if you'd like to AddImpulse. 
[2020.03.11-21.46.58:699][  0]PIE: Warning: FirstPersonProjectile_C_18.CollisionComponent has to have 'Simulate Physics' enabled if you'd like to AddImpulse. 
[2020.03.11-21.46.59:021][ 20]PIE: Warning: FirstPersonProjectile_C_19.CollisionComponent has to have 'Simulate Physics' enabled if you'd like to AddImpulse. 
[2020.03.11-21.46.59:167][ 29]PIE: Warning: FirstPersonProjectile_C_20.CollisionComponent has to have 'Simulate Physics' enabled if you'd like to AddImpulse. 
[2020.03.11-21.46.59:295][ 37]PIE: Warning: FirstPersonProjectile_C_21.CollisionComponent has to have 'Simulate Physics' enabled if you'd like to AddImpulse. 
[2020.03.11-21.46.59:392][ 43]PIE: Warning: FirstPersonProjectile_C_22.CollisionComponent has to have 'Simulate Physics' enabled if you'd like to AddImpulse. 
[2020.03.11-21.46.59:521][ 51]PIE: Warning: FirstPersonProjectile_C_23.CollisionComponent has to have 'Simulate Physics' enabled if you'd like to AddImpulse. 
[2020.03.11-21.47.00:586][117]PIE: Warning: FirstPersonProjectile_C_24.CollisionComponent has to have 'Simulate Physics' enabled if you'd like to AddImpulse. 
[2020.03.11-21.47.00:731][126]PIE: Warning: FirstPersonProjectile_C_25.CollisionComponent has to have 'Simulate Physics' enabled if you'd like to AddImpulse. 
[2020.03.11-21.47.05:119][398]PIE: Warning: FirstPersonProjectile_C_26.CollisionComponent has to have 'Simulate Physics' enabled if you'd like to AddImpulse. 
[2020.03.11-21.47.05:264][407]PIE: Warning: FirstPersonProjectile_C_27.CollisionComponent has to have 'Simulate Physics' enabled if you'd like to AddImpulse. 
[2020.03.11-21.47.05:457][419]PIE: Warning: FirstPersonProjectile_C_28.CollisionComponent has to have 'Simulate Physics' enabled if you'd like to AddImpulse. 
[2020.03.11-21.47.05:586][427]PIE: Warning: FirstPersonProjectile_C_29.CollisionComponent has to have 'Simulate Physics' enabled if you'd like to AddImpulse. 
[2020.03.11-21.47.05:715][435]PIE: Warning: FirstPersonProjectile_C_30.CollisionComponent has to have 'Simulate Physics' enabled if you'd like to AddImpulse. 
[2020.03.11-21.47.05:828][442]PIE: Warning: FirstPersonProjectile_C_31.CollisionComponent has to have 'Simulate Physics' enabled if you'd like to AddImpulse. 
[2020.03.11-21.47.05:957][450]PIE: Warning: FirstPersonProjectile_C_32.CollisionComponent has to have 'Simulate Physics' enabled if you'd like to AddImpulse. 
[2020.03.11-21.47.06:086][458]PIE: Warning: FirstPersonProjectile_C_33.CollisionComponent has to have 'Simulate Physics' enabled if you'd like to AddImpulse. 
[2020.03.11-21.47.06:328][473]PIE: Warning: FirstPersonProjectile_C_34.CollisionComponent has to have 'Simulate Physics' enabled if you'd like to AddImpulse. 
[2020.03.11-21.47.06:473][482]PIE: Warning: FirstPersonProjectile_C_35.CollisionComponent has to have 'Simulate Physics' enabled if you'd like to AddImpulse. 
[2020.03.11-21.47.08:893][632]PIE: Warning: FirstPersonProjectile_C_36.CollisionComponent has to have 'Simulate Physics' enabled if you'd like to AddImpulse. 
[2020.03.11-21.47.09:086][644]PIE: Warning: FirstPersonProjectile_C_37.CollisionComponent has to have 'Simulate Physics' enabled if you'd like to AddImpulse. 
[2020.03.11-21.47.09:876][693]PIE: Warning: FirstPersonProjectile_C_38.CollisionComponent has to have 'Simulate Physics' enabled if you'd like to AddImpulse. 
[2020.03.11-21.47.10:118][708]PIE: Warning: FirstPersonProjectile_C_39.CollisionComponent has to have 'Simulate Physics' enabled if you'd like to AddImpulse. 
[2020.03.11-21.47.10:441][728]PIE: Warning: FirstPersonProjectile_C_40.CollisionComponent has to have 'Simulate Physics' enabled if you'd like to AddImpulse. 
[2020.03.11-21.47.14:570][984]PIE: Warning: FirstPersonProjectile_C_41.CollisionComponent has to have 'Simulate Physics' enabled if you'd like to AddImpulse. 
[2020.03.11-21.47.14:699][992]PIE: Warning: FirstPersonProjectile_C_42.CollisionComponent has to have 'Simulate Physics' enabled if you'd like to AddImpulse. 
[2020.03.11-21.47.14:876][  3]PIE: Warning: FirstPersonProjectile_C_43.CollisionComponent has to have 'Simulate Physics' enabled if you'd like to AddImpulse. 
[2020.03.11-21.47.15:021][ 12]PIE: Warning: FirstPersonProjectile_C_44.CollisionComponent has to have 'Simulate Physics' enabled if you'd like to AddImpulse. 
[2020.03.11-21.47.15:586][ 47]PIE: Warning: FirstPersonProjectile_C_45.CollisionComponent has to have 'Simulate Physics' enabled if you'd like to AddImpulse. 
[2020.03.11-21.47.16:166][ 83]PIE: Warning: FirstPersonProjectile_C_46.CollisionComponent has to have 'Simulate Physics' enabled if you'd like to AddImpulse. 
[2020.03.11-21.47.22:040][447]PIE: Warning: FirstPersonProjectile_C_47.CollisionComponent has to have 'Simulate Physics' enabled if you'd like to AddImpulse. 
[2020.03.11-21.47.22:201][457]PIE: Warning: FirstPersonProjectile_C_48.CollisionComponent has to have 'Simulate Physics' enabled if you'd like to AddImpulse. 
[2020.03.11-21.47.22:282][462]PIE: Warning: FirstPersonProjectile_C_49.CollisionComponent has to have 'Simulate Physics' enabled if you'd like to AddImpulse. 
[2020.03.11-21.47.22:362][467]PIE: Warning: FirstPersonProjectile_C_50.CollisionComponent has to have 'Simulate Physics' enabled if you'd like to AddImpulse. 
[2020.03.11-21.47.22:588][481]PIE: Warning: FirstPersonProjectile_C_51.CollisionComponent has to have 'Simulate Physics' enabled if you'd like to AddImpulse. 
[2020.03.11-21.47.22:830][496]PIE: Warning: FirstPersonProjectile_C_52.CollisionComponent has to have 'Simulate Physics' enabled if you'd like to AddImpulse. 
[2020.03.11-21.47.22:894][500]PIE: Warning: FirstPersonProjectile_C_53.CollisionComponent has to have 'Simulate Physics' enabled if you'd like to AddImpulse. 
[2020.03.11-21.47.22:976][505]PIE: Warning: FirstPersonProjectile_C_54.CollisionComponent has to have 'Simulate Physics' enabled if you'd like to AddImpulse. 
[2020.03.11-21.47.23:120][514]PIE: Warning: FirstPersonProjectile_C_55.CollisionComponent has to have 'Simulate Physics' enabled if you'd like to AddImpulse. 
[2020.03.11-21.47.23:201][519]PIE: Warning: FirstPersonProjectile_C_56.CollisionComponent has to have 'Simulate Physics' enabled if you'd like to AddImpulse. 
[2020.03.11-21.47.23:298][525]PIE: Warning: FirstPersonProjectile_C_57.CollisionComponent has to have 'Simulate Physics' enabled if you'd like to AddImpulse. 
[2020.03.11-21.47.23:362][529]PIE: Warning: FirstPersonProjectile_C_58.CollisionComponent has to have 'Simulate Physics' enabled if you'd like to AddImpulse. 
[2020.03.11-21.47.23:443][534]PIE: Warning: FirstPersonProjectile_C_59.CollisionComponent has to have 'Simulate Physics' enabled if you'd like to AddImpulse. 
[2020.03.11-21.47.23:540][540]PIE: Warning: FirstPersonProjectile_C_60.CollisionComponent has to have 'Simulate Physics' enabled if you'd like to AddImpulse. 
[2020.03.11-21.47.23:605][544]PIE: Warning: FirstPersonProjectile_C_61.CollisionComponent has to have 'Simulate Physics' enabled if you'd like to AddImpulse. 
[2020.03.11-21.47.23:669][548]PIE: Warning: FirstPersonProjectile_C_62.CollisionComponent has to have 'Simulate Physics' enabled if you'd like to AddImpulse. 
[2020.03.11-21.47.23:750][553]PIE: Warning: FirstPersonProjectile_C_63.CollisionComponent has to have 'Simulate Physics' enabled if you'd like to AddImpulse. 
[2020.03.11-21.47.23:831][558]PIE: Warning: FirstPersonProjectile_C_64.CollisionComponent has to have 'Simulate Physics' enabled if you'd like to AddImpulse. 
[2020.03.11-21.47.23:944][565]PIE: Warning: FirstPersonProjectile_C_65.CollisionComponent has to have 'Simulate Physics' enabled if you'd like to AddImpulse. 
[2020.03.11-21.47.24:008][569]PIE: Warning: FirstPersonProjectile_C_66.CollisionComponent has to have 'Simulate Physics' enabled if you'd like to AddImpulse. 
[2020.03.11-21.47.24:089][574]PIE: Warning: FirstPersonProjectile_C_67.CollisionComponent has to have 'Simulate Physics' enabled if you'd like to AddImpulse. 
[2020.03.11-21.47.24:169][579]PIE: Warning: FirstPersonProjectile_C_68.CollisionComponent has to have 'Simulate Physics' enabled if you'd like to AddImpulse. 
[2020.03.11-21.47.24:315][588]PIE: Warning: FirstPersonProjectile_C_69.CollisionComponent has to have 'Simulate Physics' enabled if you'd like to AddImpulse. 
[2020.03.11-21.47.24:411][594]PIE: Warning: FirstPersonProjectile_C_70.CollisionComponent has to have 'Simulate Physics' enabled if you'd like to AddImpulse. 
[2020.03.11-21.47.24:492][599]PIE: Warning: FirstPersonProjectile_C_71.CollisionComponent has to have 'Simulate Physics' enabled if you'd like to AddImpulse. 
[2020.03.11-21.47.24:637][608]PIE: Warning: FirstPersonProjectile_C_72.CollisionComponent has to have 'Simulate Physics' enabled if you'd like to AddImpulse. 
[2020.03.11-21.47.28:959][876]PIE: Warning: FirstPersonProjectile_C_73.CollisionComponent has to have 'Simulate Physics' enabled if you'd like to AddImpulse. 
[2020.03.11-21.47.31:588][ 39]PIE: Warning: FirstPersonProjectile_C_74.CollisionComponent has to have 'Simulate Physics' enabled if you'd like to AddImpulse. 
[2020.03.11-21.47.31:750][ 49]PIE: Warning: FirstPersonProjectile_C_75.CollisionComponent has to have 'Simulate Physics' enabled if you'd like to AddImpulse. 
[2020.03.11-21.47.31:814][ 53]PIE: Warning: FirstPersonProjectile_C_76.CollisionComponent has to have 'Simulate Physics' enabled if you'd like to AddImpulse. 
[2020.03.11-21.47.31:943][ 61]PIE: Warning: FirstPersonProjectile_C_77.CollisionComponent has to have 'Simulate Physics' enabled if you'd like to AddImpulse. 
[2020.03.11-21.47.32:540][ 98]PIE: Warning: FirstPersonProjectile_C_78.CollisionComponent has to have 'Simulate Physics' enabled if you'd like to AddImpulse. 
[2020.03.11-21.47.32:766][112]PIE: Warning: FirstPersonProjectile_C_79.CollisionComponent has to have 'Simulate Physics' enabled if you'd like to AddImpulse. 
[2020.03.11-21.47.32:895][120]PIE: Warning: FirstPersonProjectile_C_80.CollisionComponent has to have 'Simulate Physics' enabled if you'd like to AddImpulse. 
[2020.03.11-21.47.33:024][128]PIE: Warning: FirstPersonProjectile_C_81.CollisionComponent has to have 'Simulate Physics' enabled if you'd like to AddImpulse. 
[2020.03.11-21.47.54:250][444]PIE: Warning: FirstPersonProjectile_C_82.CollisionComponent has to have 'Simulate Physics' enabled if you'd like to AddImpulse. 
[2020.03.11-21.47.54:443][456]PIE: Warning: FirstPersonProjectile_C_83.CollisionComponent has to have 'Simulate Physics' enabled if you'd like to AddImpulse. 
[2020.03.11-21.47.54:540][462]PIE: Warning: FirstPersonProjectile_C_84.CollisionComponent has to have 'Simulate Physics' enabled if you'd like to AddImpulse. 
[2020.03.11-21.47.54:653][469]PIE: Warning: FirstPersonProjectile_C_85.CollisionComponent has to have 'Simulate Physics' enabled if you'd like to AddImpulse. 
[2020.03.11-21.47.54:782][477]PIE: Warning: FirstPersonProjectile_C_86.CollisionComponent has to have 'Simulate Physics' enabled if you'd like to AddImpulse. 
[2020.03.11-21.47.54:896][484]PIE: Warning: FirstPersonProjectile_C_87.CollisionComponent has to have 'Simulate Physics' enabled if you'd like to AddImpulse. 
[2020.03.11-21.47.55:025][492]PIE: Warning: FirstPersonProjectile_C_88.CollisionComponent has to have 'Simulate Physics' enabled if you'd like to AddImpulse. 
[2020.03.11-21.47.55:142][498]PIE: Warning: FirstPersonProjectile_C_89.CollisionComponent has to have 'Simulate Physics' enabled if you'd like to AddImpulse. 
[2020.03.11-21.47.56:158][561]PIE: Warning: FirstPersonProjectile_C_90.CollisionComponent has to have 'Simulate Physics' enabled if you'd like to AddImpulse. 
[2020.03.11-21.47.56:238][566]PIE: Warning: FirstPersonProjectile_C_91.CollisionComponent has to have 'Simulate Physics' enabled if you'd like to AddImpulse. 
[2020.03.11-21.47.56:351][573]PIE: Warning: FirstPersonProjectile_C_92.CollisionComponent has to have 'Simulate Physics' enabled if you'd like to AddImpulse. 
[2020.03.11-21.47.56:448][579]PIE: Warning: FirstPersonProjectile_C_93.CollisionComponent has to have 'Simulate Physics' enabled if you'd like to AddImpulse. 
[2020.03.11-21.47.56:577][587]PIE: Warning: FirstPersonProjectile_C_94.CollisionComponent has to have 'Simulate Physics' enabled if you'd like to AddImpulse. 
[2020.03.11-21.47.56:706][595]PIE: Warning: FirstPersonProjectile_C_95.CollisionComponent has to have 'Simulate Physics' enabled if you'd like to AddImpulse. 
[2020.03.11-21.47.56:835][603]PIE: Warning: FirstPersonProjectile_C_96.CollisionComponent has to have 'Simulate Physics' enabled if you'd like to AddImpulse. 
[2020.03.11-21.47.57:109][620]PIE: Warning: FirstPersonProjectile_C_97.CollisionComponent has to have 'Simulate Physics' enabled if you'd like to AddImpulse. 
[2020.03.11-21.47.57:320][633]PIE: Warning: FirstPersonProjectile_C_98.CollisionComponent has to have 'Simulate Physics' enabled if you'd like to AddImpulse. 
[2020.03.11-21.47.57:448][641]PIE: Warning: FirstPersonProjectile_C_99.CollisionComponent has to have 'Simulate Physics' enabled if you'd like to AddImpulse. 
[2020.03.11-21.47.57:593][650]PIE: Warning: FirstPersonProjectile_C_100.CollisionComponent has to have 'Simulate Physics' enabled if you'd like to AddImpulse. 
[2020.03.11-21.47.57:738][659]PIE: Warning: FirstPersonProjectile_C_101.CollisionComponent has to have 'Simulate Physics' enabled if you'd like to AddImpulse. 
[2020.03.11-21.47.58:190][687]PIE: Warning: FirstPersonProjectile_C_102.CollisionComponent has to have 'Simulate Physics' enabled if you'd like to AddImpulse. 
[2020.03.11-21.47.58:528][708]PIE: Warning: FirstPersonProjectile_C_103.CollisionComponent has to have 'Simulate Physics' enabled if you'd like to AddImpulse. 
[2020.03.11-21.47.58:835][727]PIE: Warning: FirstPersonProjectile_C_104.CollisionComponent has to have 'Simulate Physics' enabled if you'd like to AddImpulse. 
[2020.03.11-21.47.59:077][742]PIE: Warning: FirstPersonProjectile_C_105.CollisionComponent has to have 'Simulate Physics' enabled if you'd like to AddImpulse. 
[2020.03.11-21.47.59:320][757]PIE: Warning: FirstPersonProjectile_C_106.CollisionComponent has to have 'Simulate Physics' enabled if you'd like to AddImpulse. 
[2020.03.11-21.47.59:481][767]PIE: Warning: FirstPersonProjectile_C_107.CollisionComponent has to have 'Simulate Physics' enabled if you'd like to AddImpulse. 
[2020.03.11-21.47.59:690][780]PIE: Warning: FirstPersonProjectile_C_108.CollisionComponent has to have 'Simulate Physics' enabled if you'd like to AddImpulse. 
[2020.03.11-21.47.59:819][788]PIE: Warning: FirstPersonProjectile_C_109.CollisionComponent has to have 'Simulate Physics' enabled if you'd like to AddImpulse. 
[2020.03.11-21.47.59:932][795]PIE: Warning: FirstPersonProjectile_C_110.CollisionComponent has to have 'Simulate Physics' enabled if you'd like to AddImpulse. 
[2020.03.11-21.48.00:045][802]PIE: Warning: FirstPersonProjectile_C_111.CollisionComponent has to have 'Simulate Physics' enabled if you'd like to AddImpulse. 
[2020.03.11-21.48.00:174][810]PIE: Warning: FirstPersonProjectile_C_112.CollisionComponent has to have 'Simulate Physics' enabled if you'd like to AddImpulse. 
[2020.03.11-21.48.00:320][819]PIE: Warning: FirstPersonProjectile_C_113.CollisionComponent has to have 'Simulate Physics' enabled if you'd like to AddImpulse. 
[2020.03.11-21.48.00:432][826]PIE: Warning: FirstPersonProjectile_C_114.CollisionComponent has to have 'Simulate Physics' enabled if you'd like to AddImpulse. 
[2020.03.11-21.48.00:545][833]PIE: Warning: FirstPersonProjectile_C_115.CollisionComponent has to have 'Simulate Physics' enabled if you'd like to AddImpulse. 
[2020.03.11-21.48.00:690][842]PIE: Warning: FirstPersonProjectile_C_116.CollisionComponent has to have 'Simulate Physics' enabled if you'd like to AddImpulse. 
[2020.03.11-21.48.00:835][851]PIE: Warning: FirstPersonProjectile_C_117.CollisionComponent has to have 'Simulate Physics' enabled if you'd like to AddImpulse. 
[2020.03.11-21.48.00:932][857]PIE: Warning: FirstPersonProjectile_C_118.CollisionComponent has to have 'Simulate Physics' enabled if you'd like to AddImpulse. 
[2020.03.11-21.48.01:078][866]PIE: Warning: FirstPersonProjectile_C_119.CollisionComponent has to have 'Simulate Physics' enabled if you'd like to AddImpulse. 
[2020.03.11-21.48.01:303][880]PIE: Warning: FirstPersonProjectile_C_120.CollisionComponent has to have 'Simulate Physics' enabled if you'd like to AddImpulse. 
[2020.03.11-21.48.01:416][887]PIE: Warning: FirstPersonProjectile_C_121.CollisionComponent has to have 'Simulate Physics' enabled if you'd like to AddImpulse. 
[2020.03.11-21.48.01:593][898]PIE: Warning: FirstPersonProjectile_C_122.CollisionComponent has to have 'Simulate Physics' enabled if you'd like to AddImpulse. 
[2020.03.11-21.48.01:771][909]PIE: Warning: FirstPersonProjectile_C_123.CollisionComponent has to have 'Simulate Physics' enabled if you'd like to AddImpulse. 
[2020.03.11-21.48.01:948][920]PIE: Warning: FirstPersonProjectile_C_124.CollisionComponent has to have 'Simulate Physics' enabled if you'd like to AddImpulse. 
[2020.03.11-21.48.02:109][930]PIE: Warning: FirstPersonProjectile_C_125.CollisionComponent has to have 'Simulate Physics' enabled if you'd like to AddImpulse. 
[2020.03.11-21.48.02:399][948]PIE: Warning: FirstPersonProjectile_C_126.CollisionComponent has to have 'Simulate Physics' enabled if you'd like to AddImpulse. 
[2020.03.11-21.48.05:496][140]LogSlate: FSceneViewport::OnFocusLost() reason 0
[2020.03.11-21.48.05:666][144]LogPackageName: SearchForPackageOnDisk took   0.105s to resolve MenuLevel.umap.
[2020.03.11-21.48.05:774][145]LogPackageName: SearchForPackageOnDisk took   0.106s to resolve MenuLevel.umap.
[2020.03.11-21.48.05:774][145]LogNet: Browse: /Game/ThirdPersonBP/Maps/MenuLevel
[2020.03.11-21.48.05:774][145]LogLoad: LoadMap: /Game/ThirdPersonBP/Maps/MenuLevel
[2020.03.11-21.48.05:774][145]LogNet: World NetDriver shutdown IpNetDriver_0 [GameNetDriver]
[2020.03.11-21.48.05:774][145]LogNet: DestroyNamedNetDriver IpNetDriver_0 [GameNetDriver]
[2020.03.11-21.48.05:774][145]LogExit: GameNetDriver IpNetDriver_0 shut down
[2020.03.11-21.48.05:819][145]LogUObjectHash: Compacting FUObjectHashTables data took   0.75ms
[2020.03.11-21.48.05:907][145]LogAIModule: Creating AISystem for world MenuLevel
[2020.03.11-21.48.05:907][145]LogLoad: Game class is 'MenuGameMode_C'
[2020.03.11-21.48.05:908][145]LogWorld: Bringing World /Game/ThirdPersonBP/Maps/MenuLevel.MenuLevel up for play (max tick rate 0) at 2020.03.11-21.48.05
[2020.03.11-21.48.05:908][145]LogWorld: Bringing up level for play took: 0.000387
[2020.03.11-21.48.05:909][145]LogGameMode: FindPlayerStart: PATHS NOT DEFINED or NO PLAYERSTART with positive rating
[2020.03.11-21.48.05:911][145]LogLoad: Took 0.137235 seconds to LoadMap(/Game/ThirdPersonBP/Maps/MenuLevel)
[2020.03.11-21.48.06:815][202]LogSlate: Updating window title bar state: overlay mode, drag disabled, window buttons hidden, title bar hidden
[2020.03.11-21.48.07:364][236]LogSlate: Updating window title bar state: overlay mode, drag disabled, window buttons hidden, title bar hidden
[2020.03.11-21.48.12:057][527]LogSlate: Updating window title bar state: overlay mode, drag disabled, window buttons hidden, title bar hidden
[2020.03.11-21.48.15:945][768]LogSlate: Updating window title bar state: overlay mode, drag disabled, window buttons hidden, title bar hidden
[2020.03.11-21.48.16:429][798]Closing by request
[2020.03.11-21.48.16:429][798]LogWindows: FPlatformMisc::RequestExit(0)
[2020.03.11-21.48.16:509][799]LogSlate: Window 'Pistol Fight 2 Demo 1 (Debug Build) ' being destroyed
[2020.03.11-21.48.16:509][799]LogWindowsTextInputMethodSystem: Display: IME system now deactivated.
[2020.03.11-21.48.16:514][799]LogExit: Preparing to exit.
[2020.03.11-21.48.16:514][799]LogMoviePlayer: Shutting down movie player
[2020.03.11-21.48.17:188][799]LogSlate: Updating window title bar state: overlay mode, drag disabled, window buttons hidden, title bar hidden
[2020.03.11-21.48.17:195][799]LogExit: Game engine shut down
[2020.03.11-21.48.17:260][799]LogExit: Object subsystem successfully closed.
[2020.03.11-21.48.17:282][799]LogShaderCompilers: Display: Shaders left to compile 0
[2020.03.11-21.48.17:294][799]LogD3D11RHI: Shutdown
[2020.03.11-21.48.17:294][799]LogD3D11RHI: CleanupD3DDevice
[2020.03.11-21.48.17:294][799]LogRendererCore: FGlobalReadBuffer::ReleaseRHI
[2020.03.11-21.48.17:294][799]LogRendererCore: FGlobalDynamicReadBuffer::Cleanup()
[2020.03.11-21.48.17:294][799]LogRendererCore: FGlobalReadBuffer::ReleaseRHI
[2020.03.11-21.48.17:294][799]LogRendererCore: FGlobalDynamicReadBuffer::Cleanup()
[2020.03.11-21.48.17:294][799]LogRendererCore: FGlobalReadBuffer::ReleaseRHI
[2020.03.11-21.48.17:294][799]LogRendererCore: FGlobalDynamicReadBuffer::Cleanup()
[2020.03.11-21.48.17:295][799]LogD3D11RHI: ~FD3D11DynamicRHI
[2020.03.11-21.48.17:307][799]LogModuleManager: Shutting down and abandoning module SequenceRecorderSections (398)
[2020.03.11-21.48.17:307][799]LogModuleManager: Shutting down and abandoning module SequenceRecorder (396)
[2020.03.11-21.48.17:307][799]LogModuleManager: Shutting down and abandoning module AutomationController (394)
[2020.03.11-21.48.17:307][799]LogModuleManager: Shutting down and abandoning module AutomationWorker (392)
[2020.03.11-21.48.17:307][799]LogModuleManager: Shutting down and abandoning module Voice (390)
[2020.03.11-21.48.17:307][799]LogModuleManager: Shutting down and abandoning module AIModule (388)
[2020.03.11-21.48.17:307][799]LogModuleManager: Shutting down and abandoning module GameplayDebugger (387)
[2020.03.11-21.48.17:307][799]LogModuleManager: Shutting down and abandoning module AITestSuite (385)
[2020.03.11-21.48.17:307][799]LogModuleManager: Shutting down and abandoning module NavigationSystem (383)
[2020.03.11-21.48.17:307][799]LogModuleManager: Shutting down and abandoning module OculusMR (380)
[2020.03.11-21.48.17:307][799]LogModuleManager: Shutting down and abandoning module WmfMediaFactory (378)
[2020.03.11-21.48.17:307][799]LogModuleManager: Shutting down and abandoning module WebMMediaFactory (376)
[2020.03.11-21.48.17:307][799]LogModuleManager: Shutting down and abandoning module WebMMedia (374)
[2020.03.11-21.48.17:307][799]LogModuleManager: Shutting down and abandoning module OpenExrWrapper (372)
[2020.03.11-21.48.17:307][799]LogModuleManager: Shutting down and abandoning module ImgMediaFactory (370)
[2020.03.11-21.48.17:307][799]LogModuleManager: Shutting down and abandoning module AvfMediaFactory (368)
[2020.03.11-21.48.17:307][799]LogModuleManager: Shutting down and abandoning module MagicLeapCameraPreviewFactory (366)
[2020.03.11-21.48.17:307][799]LogModuleManager: Shutting down and abandoning module MagicLeapMediaCodecFactory (364)
[2020.03.11-21.48.17:307][799]LogModuleManager: Shutting down and abandoning module MagicLeapMediaFactory (362)
[2020.03.11-21.48.17:307][799]LogModuleManager: Shutting down and abandoning module CharacterAI (360)
[2020.03.11-21.48.17:307][799]LogModuleManager: Shutting down and abandoning module SessionServices (358)
[2020.03.11-21.48.17:307][799]LogModuleManager: Shutting down and abandoning module MovieSceneCapture (356)
[2020.03.11-21.48.17:307][799]LogModuleManager: Shutting down and abandoning module LiveCoding (354)
[2020.03.11-21.48.17:308][799]LogModuleManager: Shutting down and abandoning module LevelSequence (352)
[2020.03.11-21.48.17:308][799]LogModuleManager: Shutting down and abandoning module MovieSceneTracks (350)
[2020.03.11-21.48.17:308][799]LogModuleManager: Shutting down and abandoning module MovieScene (348)
[2020.03.11-21.48.17:308][799]LogModuleManager: Shutting down and abandoning module StreamingPauseRendering (346)
[2020.03.11-21.48.17:308][799]LogModuleManager: Shutting down and abandoning module PortalServices (344)
[2020.03.11-21.48.17:308][799]LogModuleManager: Shutting down and abandoning module PortalRpc (342)
[2020.03.11-21.48.17:308][799]LogModuleManager: Shutting down and abandoning module MessagingRpc (340)
[2020.03.11-21.48.17:308][799]LogModuleManager: Shutting down and abandoning module ImageWriteQueue (338)
[2020.03.11-21.48.17:309][799]LogModuleManager: Shutting down and abandoning module ProfilerService (336)
[2020.03.11-21.48.17:364][799]LogModuleManager: Shutting down and abandoning module TaskGraph (334)
[2020.03.11-21.48.17:364][799]LogModuleManager: Shutting down and abandoning module SteamVRController (332)
[2020.03.11-21.48.17:364][799]LogModuleManager: Shutting down and abandoning module ProceduralMeshComponent (330)
[2020.03.11-21.48.17:364][799]LogModuleManager: Shutting down and abandoning module OculusInput (328)
[2020.03.11-21.48.17:364][799]LogModuleManager: Shutting down and abandoning module MobilePatchingUtils (326)
[2020.03.11-21.48.17:364][799]LogModuleManager: Shutting down and abandoning module EditableMesh (324)
[2020.03.11-21.48.17:364][799]LogModuleManager: Shutting down and abandoning module CustomMeshComponent (322)
[2020.03.11-21.48.17:364][799]LogModuleManager: Shutting down and abandoning module CableComponent (320)
[2020.03.11-21.48.17:365][799]LogModuleManager: Shutting down and abandoning module AudioCapture (318)
[2020.03.11-21.48.17:365][799]LogModuleManager: Shutting down and abandoning module ArchVisCharacter (316)
[2020.03.11-21.48.17:365][799]LogModuleManager: Shutting down and abandoning module AndroidPermission (314)
[2020.03.11-21.48.17:365][799]LogModuleManager: Shutting down and abandoning module NUTUnrealEngine4 (312)
[2020.03.11-21.48.17:365][799]LogModuleManager: Shutting down and abandoning module NetcodeUnitTest (310)
[2020.03.11-21.48.17:365][799]LogModuleManager: Shutting down and abandoning module MediaCompositing (308)
[2020.03.11-21.48.17:365][799]LogModuleManager: Shutting down and abandoning module LinearTimecode (306)
[2020.03.11-21.48.17:365][799]LogModuleManager: Shutting down and abandoning module ImgMedia (304)
[2020.03.11-21.48.17:365][799]LogModuleManager: Shutting down and abandoning module MagicLeapHelperVulkan (302)
[2020.03.11-21.48.17:365][799]LogModuleManager: Shutting down and abandoning module MagicLeapHelperOpenGL (300)
[2020.03.11-21.48.17:365][799]LogModuleManager: Shutting down and abandoning module MagicLeapAudio (298)
[2020.03.11-21.48.17:365][799]LogModuleManager: Shutting down and abandoning module HTML5Networking (296)
[2020.03.11-21.48.17:365][799]LogModuleManager: Shutting down and abandoning module GeometryCacheTracks (294)
[2020.03.11-21.48.17:365][799]LogModuleManager: Shutting down and abandoning module GeometryCacheSequencer (293)
[2020.03.11-21.48.17:365][799]LogModuleManager: Shutting down and abandoning module GeometryCache (290)
[2020.03.11-21.48.17:365][799]LogModuleManager: Shutting down and abandoning module GeometryCacheEd (289)
[2020.03.11-21.48.17:365][799]LogModuleManager: Shutting down and abandoning module BackChannel (286)
[2020.03.11-21.48.17:365][799]LogModuleManager: Shutting down and abandoning module AppleVision (284)
[2020.03.11-21.48.17:365][799]LogModuleManager: Shutting down and abandoning module AppleImageUtilsBlueprintSupport (282)
[2020.03.11-21.48.17:365][799]LogModuleManager: Shutting down and abandoning module AppleImageUtils (280)
[2020.03.11-21.48.17:365][799]LogModuleManager: Shutting down and abandoning module VariantManagerContent (278)
[2020.03.11-21.48.17:365][799]LogModuleManager: Shutting down and abandoning module CryptoKeysOpenSSL (276)
[2020.03.11-21.48.17:365][799]LogModuleManager: Shutting down and abandoning module CryptoKeys (274)
[2020.03.11-21.48.17:365][799]LogModuleManager: Shutting down and abandoning module VisualStudioSourceCodeAccess (272)
[2020.03.11-21.48.17:365][799]LogModuleManager: Shutting down and abandoning module HotReload (271)
[2020.03.11-21.48.17:365][799]LogModuleManager: Shutting down and abandoning module DirectoryWatcher (270)
[2020.03.11-21.48.17:365][799]LogModuleManager: Shutting down and abandoning module VisualStudioCodeSourceCodeAccess (266)
[2020.03.11-21.48.17:366][799]LogModuleManager: Shutting down and abandoning module UObjectPlugin (264)
[2020.03.11-21.48.17:366][799]LogModuleManager: Shutting down and abandoning module SubversionSourceControl (262)
[2020.03.11-21.48.17:366][799]LogModuleManager: Shutting down and abandoning module PerforceSourceControl (260)
[2020.03.11-21.48.17:366][799]LogModuleManager: Shutting down and abandoning module SourceControl (259)
[2020.03.11-21.48.17:366][799]LogModuleManager: Shutting down and abandoning module CLionSourceCodeAccess (256)
[2020.03.11-21.48.17:366][799]LogModuleManager: Shutting down and abandoning module ActorLayerUtilities (254)
[2020.03.11-21.48.17:366][799]LogModuleManager: Shutting down and abandoning module SignificanceManager (252)
[2020.03.11-21.48.17:366][799]LogModuleManager: Shutting down and abandoning module RuntimePhysXCooking (250)
[2020.03.11-21.48.17:366][799]LogModuleManager: Shutting down and abandoning module PhysXVehiclesEditor (248)
[2020.03.11-21.48.17:366][799]LogModuleManager: Shutting down and abandoning module PhysXVehicles (246)
[2020.03.11-21.48.17:366][799]LogModuleManager: Shutting down and abandoning module LocationServicesBPLibrary (244)
[2020.03.11-21.48.17:366][799]LogModuleManager: Shutting down and abandoning module ActorSequence (242)
[2020.03.11-21.48.17:366][799]LogModuleManager: Shutting down and abandoning module UdpMessaging (240)
[2020.03.11-21.48.17:467][799]LogModuleManager: Shutting down and abandoning module TcpMessaging (238)
[2020.03.11-21.48.18:107][799]LogModuleManager: Shutting down and abandoning module MagicLeapIdentity (236)
[2020.03.11-21.48.18:107][799]LogModuleManager: Shutting down and abandoning module MagicLeapSecureStorage (234)
[2020.03.11-21.48.18:107][799]LogModuleManager: Shutting down and abandoning module MagicLeapHandTracking (232)
[2020.03.11-21.48.18:107][799]LogModuleManager: Shutting down and abandoning module MagicLeapEyeTracker (230)
[2020.03.11-21.48.18:107][799]LogModuleManager: Shutting down and abandoning module MagicLeapController (228)
[2020.03.11-21.48.18:107][799]LogSlate: Slate User Destroyed.  User Index 0, Is Virtual User: 0
[2020.03.11-21.48.18:107][799]LogModuleManager: Shutting down and abandoning module MagicLeapAR (226)
[2020.03.11-21.48.18:107][799]LogModuleManager: Shutting down and abandoning module AugmentedReality (225)
[2020.03.11-21.48.18:107][799]LogModuleManager: Shutting down and abandoning module GameplayTagsEditor (222)
[2020.03.11-21.48.18:107][799]LogModuleManager: Shutting down and abandoning module FacialAnimation (220)
[2020.03.11-21.48.18:107][799]LogModuleManager: Shutting down and abandoning module DataValidation (218)
[2020.03.11-21.48.18:107][799]LogModuleManager: Shutting down and abandoning module AssetManagerEditor (216)
[2020.03.11-21.48.18:107][799]LogModuleManager: Shutting down and abandoning module TreeMap (215)
[2020.03.11-21.48.18:107][799]LogModuleManager: Shutting down and abandoning module AnimationSharing (212)
[2020.03.11-21.48.18:107][799]LogModuleManager: Shutting down and abandoning module LightPropagationVolumeRuntime (210)
[2020.03.11-21.48.18:107][799]LogModuleManager: Shutting down and abandoning module AISupportModule (208)
[2020.03.11-21.48.18:107][799]LogModuleManager: Shutting down and abandoning module Paper2D (206)
[2020.03.11-21.48.18:107][799]LogModuleManager: Shutting down and abandoning module WindowsMoviePlayer (204)
[2020.03.11-21.48.18:107][799]LogModuleManager: Shutting down and abandoning module WebMMoviePlayer (202)
[2020.03.11-21.48.18:107][799]LogModuleManager: Shutting down and abandoning module PacketHandler (200)
[2020.03.11-21.48.18:107][799]LogModuleManager: Shutting down and abandoning module ClothingSystemEditor (198)
[2020.03.11-21.48.18:107][799]LogModuleManager: Shutting down and abandoning module ClothingSystemRuntime (196)
[2020.03.11-21.48.18:107][799]LogModuleManager: Shutting down and abandoning module MediaAssets (194)
[2020.03.11-21.48.18:108][799]LogModuleManager: Shutting down and abandoning module Overlay (192)
[2020.03.11-21.48.18:108][799]LogModuleManager: Shutting down and abandoning module OverlayEditor (191)
[2020.03.11-21.48.18:108][799]LogModuleManager: Shutting down and abandoning module VREditor (188)
[2020.03.11-21.48.18:108][799]LogModuleManager: Shutting down and abandoning module StringTableEditor (186)
[2020.03.11-21.48.18:108][799]LogModuleManager: Shutting down and abandoning module GameplayTasksEditor (184)
[2020.03.11-21.48.18:108][799]LogModuleManager: Shutting down and abandoning module BehaviorTreeEditor (182)
[2020.03.11-21.48.18:108][799]LogModuleManager: Shutting down and abandoning module FunctionalTesting (180)
[2020.03.11-21.48.18:108][799]LogModuleManager: Shutting down and abandoning module CollisionAnalyzer (178)
[2020.03.11-21.48.18:108][799]LogModuleManager: Shutting down and abandoning module WorkspaceMenuStructure (177)
[2020.03.11-21.48.18:108][799]LogModuleManager: Shutting down and abandoning module UMG (174)
[2020.03.11-21.48.18:108][799]LogModuleManager: Shutting down and abandoning module UMGEditor (173)
[2020.03.11-21.48.18:108][799]LogModuleManager: Shutting down and abandoning module Sequencer (172)
[2020.03.11-21.48.18:108][799]LogModuleManager: Shutting down and abandoning module MessageLog (169)
[2020.03.11-21.48.18:108][799]LogModuleManager: Shutting down and abandoning module SlateReflector (164)
[2020.03.11-21.48.18:108][799]LogModuleManager: Shutting down and abandoning module Slate (162)
[2020.03.11-21.48.18:108][799]LogModuleManager: Shutting down and abandoning module EditorStyle (160)
[2020.03.11-21.48.18:109][799]LogModuleManager: Shutting down and abandoning module UnrealEd (158)
[2020.03.11-21.48.18:109][799]LogModuleManager: Shutting down and abandoning module MRMesh (156)
[2020.03.11-21.48.18:109][799]LogModuleManager: Shutting down and abandoning module Messaging (154)
[2020.03.11-21.48.18:109][799]LogModuleManager: Shutting down and abandoning module SourceCodeAccess (152)
[2020.03.11-21.48.18:109][799]LogModuleManager: Shutting down and abandoning module HeadMountedDisplay (150)
[2020.03.11-21.48.18:109][799]LogModuleManager: Shutting down and abandoning module XAudio2 (148)
[2020.03.11-21.48.18:109][799]LogModuleManager: Shutting down and abandoning module Networking (146)
[2020.03.11-21.48.18:109][799]LogModuleManager: Shutting down and abandoning module Core (144)
[2020.03.11-21.48.18:109][799]LogModuleManager: Shutting down and abandoning module KismetCompiler (142)
[2020.03.11-21.48.18:109][799]LogModuleManager: Shutting down and abandoning module MeshUtilities (140)
[2020.03.11-21.48.18:109][799]LogModuleManager: Shutting down and abandoning module MeshMergeUtilities (139)
[2020.03.11-21.48.18:109][799]LogModuleManager: Shutting down and abandoning module MeshReductionInterface (138)
[2020.03.11-21.48.18:109][799]LogModuleManager: Shutting down and abandoning module SkeletalMeshReduction (137)
[2020.03.11-21.48.18:109][799]LogModuleManager: Shutting down and abandoning module ProxyLODMeshReduction (135)
[2020.03.11-21.48.18:109][799]LogModuleManager: Shutting down and abandoning module QuadricMeshReduction (133)
[2020.03.11-21.48.18:109][799]LogModuleManager: Shutting down and abandoning module MaterialBaking (129)
[2020.03.11-21.48.18:109][799]LogModuleManager: Shutting down and abandoning module PIEPreviewDeviceProfileSelector (124)
[2020.03.11-21.48.18:109][799]LogModuleManager: Shutting down and abandoning module DerivedDataCache (122)
[2020.03.11-21.48.18:186][799]LogDerivedDataCache: Shutdown
[2020.03.11-21.48.18:186][799]LogModuleManager: Shutting down and abandoning module XGEController (120)
[2020.03.11-21.48.18:186][799]LogModuleManager: Shutting down and abandoning module TargetPlatform (118)
[2020.03.11-21.48.18:186][799]LogModuleManager: Shutting down and abandoning module VulkanShaderFormat (117)
[2020.03.11-21.48.18:186][799]LogModuleManager: Shutting down and abandoning module ShaderFormatVectorVM (115)
[2020.03.11-21.48.18:186][799]LogModuleManager: Shutting down and abandoning module ShaderFormatOpenGL (113)
[2020.03.11-21.48.18:186][799]LogModuleManager: Shutting down and abandoning module ShaderFormatD3D (111)
[2020.03.11-21.48.18:186][799]LogModuleManager: Shutting down and abandoning module MetalShaderFormat (109)
[2020.03.11-21.48.18:186][799]LogModuleManager: Shutting down and abandoning module TextureFormatUncompressed (107)
[2020.03.11-21.48.18:186][799]LogModuleManager: Shutting down and abandoning module TextureFormatPVR (105)
[2020.03.11-21.48.18:186][799]LogModuleManager: Shutting down and abandoning module TextureFormatDXT (103)
[2020.03.11-21.48.18:186][799]LogModuleManager: Shutting down and abandoning module TextureFormatIntelISPCTexComp (101)
[2020.03.11-21.48.18:186][799]LogModuleManager: Shutting down and abandoning module TextureFormatASTC (99)
[2020.03.11-21.48.18:186][799]LogModuleManager: Shutting down and abandoning module ImageWrapper (98)
[2020.03.11-21.48.18:186][799]LogModuleManager: Shutting down and abandoning module TextureFormatAndroid (95)
[2020.03.11-21.48.18:186][799]LogModuleManager: Shutting down and abandoning module AudioFormatOpus (93)
[2020.03.11-21.48.18:186][799]LogModuleManager: Shutting down and abandoning module AudioFormatOgg (91)
[2020.03.11-21.48.18:186][799]LogModuleManager: Shutting down and abandoning module AudioFormatADPCM (89)
[2020.03.11-21.48.18:186][799]LogModuleManager: Shutting down and abandoning module WindowsTargetPlatform (87)
[2020.03.11-21.48.18:186][799]LogModuleManager: Shutting down and abandoning module WindowsServerTargetPlatform (85)
[2020.03.11-21.48.18:186][799]LogModuleManager: Shutting down and abandoning module WindowsNoEditorTargetPlatform (83)
[2020.03.11-21.48.18:186][799]LogModuleManager: Shutting down and abandoning module WindowsClientTargetPlatform (81)
[2020.03.11-21.48.18:186][799]LogModuleManager: Shutting down and abandoning module InputCore (78)
[2020.03.11-21.48.18:187][799]LogModuleManager: Shutting down and abandoning module Settings (76)
[2020.03.11-21.48.18:187][799]LogModuleManager: Shutting down and abandoning module PhysXCooking (74)
[2020.03.11-21.48.18:187][799]LogModuleManager: Shutting down and abandoning module SteamVR (72)
[2020.03.11-21.48.18:187][799]LogHMD: Freeing OpenVRDLLHandle.
[2020.03.11-21.48.18:187][799]LogModuleManager: Shutting down and abandoning module OculusHMD (70)
[2020.03.11-21.48.18:187][799]LogModuleManager: Shutting down and abandoning module ExampleDeviceProfileSelector (68)
[2020.03.11-21.48.18:187][799]LogModuleManager: Shutting down and abandoning module LauncherChunkInstaller (66)
[2020.03.11-21.48.18:187][799]LogModuleManager: Shutting down and abandoning module OnlineBlueprintSupport (64)
[2020.03.11-21.48.18:187][799]LogModuleManager: Shutting down and abandoning module OnlineSubsystem (60)
[2020.03.11-21.48.18:187][799]LogModuleManager: Shutting down and abandoning module XMPP (55)
[2020.03.11-21.48.18:187][799]LogModuleManager: Shutting down and abandoning module WebSockets (54)
[2020.03.11-21.48.18:212][799]LogModuleManager: Shutting down and abandoning module HTTP (51)
[2020.03.11-21.48.18:217][799]LogModuleManager: Shutting down and abandoning module SSL (50)
[2020.03.11-21.48.18:218][799]LogModuleManager: Shutting down and abandoning module WmfMedia (46)
[2020.03.11-21.48.18:219][799]LogModuleManager: Shutting down and abandoning module Media (45)
[2020.03.11-21.48.18:226][799]LogModuleManager: Shutting down and abandoning module MagicLeap (42)
[2020.03.11-21.48.18:226][799]LogModuleManager: Shutting down and abandoning module DatasmithContent (40)
[2020.03.11-21.48.18:837][799]LogModuleManager: Shutting down and abandoning module AnimationModifiers (38)
[2020.03.11-21.48.18:837][799]LogModuleManager: Shutting down and abandoning module PropertyEditor (37)
[2020.03.11-21.48.18:837][799]LogModuleManager: Shutting down and abandoning module AudioEditor (34)
[2020.03.11-21.48.18:838][799]LogModuleManager: Shutting down and abandoning module TextureCompressor (32)
[2020.03.11-21.48.18:838][799]LogModuleManager: Shutting down and abandoning module RenderCore (30)
[2020.03.11-21.48.18:838][799]LogModuleManager: Shutting down and abandoning module Landscape (28)
[2020.03.11-21.48.18:838][799]LogModuleManager: Shutting down and abandoning module SlateRHIRenderer (26)
[2020.03.11-21.48.18:838][799]LogModuleManager: Shutting down and abandoning module OpenGLDrv (24)
[2020.03.11-21.48.18:838][799]LogModuleManager: Shutting down and abandoning module D3D11RHI (22)
[2020.03.11-21.48.18:838][799]LogModuleManager: Shutting down and abandoning module AnimGraphRuntime (20)
[2020.03.11-21.48.18:838][799]LogModuleManager: Shutting down and abandoning module Renderer (18)
[2020.03.11-21.48.18:838][799]LogModuleManager: Shutting down and abandoning module Engine (16)
[2020.03.11-21.48.18:838][799]LogModuleManager: Shutting down and abandoning module CoreUObject (14)
[2020.03.11-21.48.18:838][799]LogModuleManager: Shutting down and abandoning module NetworkFile (12)
[2020.03.11-21.48.18:838][799]LogModuleManager: Shutting down and abandoning module CookedIterativeFile (10)
[2020.03.11-21.48.18:838][799]LogModuleManager: Shutting down and abandoning module StreamingFile (8)
[2020.03.11-21.48.18:838][799]LogModuleManager: Shutting down and abandoning module SandboxFile (6)
[2020.03.11-21.48.18:838][799]LogModuleManager: Shutting down and abandoning module PakFile (4)
[2020.03.11-21.48.18:838][799]LogModuleManager: Shutting down and abandoning module RSA (3)
[2020.03.11-21.48.18:847][799]LogExit: Exiting.
[2020.03.11-21.48.18:866][799]Log file closed, 03/11/20 21:48:18
